{"numFailedTestSuites":1,"numFailedTests":0,"numPassedTestSuites":0,"numPassedTests":0,"numPendingTestSuites":0,"numPendingTests":0,"numRuntimeErrorTestSuites":1,"numTodoTests":0,"numTotalTestSuites":1,"numTotalTests":0,"openHandles":[],"snapshot":{"added":0,"didUpdate":false,"failure":false,"filesAdded":0,"filesRemoved":0,"filesRemovedList":[],"filesUnmatched":0,"filesUpdated":0,"matched":0,"total":0,"unchecked":0,"uncheckedKeysByFile":[],"unmatched":0,"updated":0},"startTime":1776374718180,"success":false,"testResults":[{"assertionResults":[],"coverage":{},"endTime":1776374721440,"message":"  \u001b[1m● \u001b[22mTest suite failed to run\n\n    Cannot find module './coupon.service' from 'src/modules/coupon/coupon.service.spec.ts'\n\n    \u001b[0m \u001b[90m 2 |\u001b[39m \u001b[36mimport\u001b[39m { \u001b[33mBadRequestException\u001b[39m\u001b[33m,\u001b[39m \u001b[33mNotFoundException\u001b[39m } \u001b[36mfrom\u001b[39m \u001b[32m\"@nestjs/common\"\u001b[39m\u001b[33m;\u001b[39m\n     \u001b[90m 3 |\u001b[39m\n    \u001b[31m\u001b[1m>\u001b[22m\u001b[39m\u001b[90m 4 |\u001b[39m \u001b[36mimport\u001b[39m { \u001b[33mCouponService\u001b[39m } \u001b[36mfrom\u001b[39m \u001b[32m\"./coupon.service\"\u001b[39m\u001b[33m;\u001b[39m\n     \u001b[90m   |\u001b[39m \u001b[31m\u001b[1m^\u001b[22m\u001b[39m\n     \u001b[90m 5 |\u001b[39m \u001b[36mimport\u001b[39m { \u001b[33mPrismaService\u001b[39m } \u001b[36mfrom\u001b[39m \u001b[32m\"../../common/prisma/prisma.service\"\u001b[39m\u001b[33m;\u001b[39m\n     \u001b[90m 6 |\u001b[39m\n     \u001b[90m 7 |\u001b[39m type \u001b[33mCouponType\u001b[39m \u001b[33m=\u001b[39m \u001b[32m\"PERCENTAGE\"\u001b[39m \u001b[33m|\u001b[39m \u001b[32m\"FIXED\"\u001b[39m \u001b[33m|\u001b[39m \u001b[32m\"SHIPPING\"\u001b[39m\u001b[33m;\u001b[39m\u001b[0m\n\n      \u001b[2mat Resolver._throwModNotFoundError (\u001b[22m../../node_modules/jest-resolve/build/resolver.js\u001b[2m:427:11)\u001b[22m\n      \u001b[2mat Object.<anonymous> (\u001b[22m\u001b[0m\u001b[36msrc/modules/coupon/coupon.service.spec.ts\u001b[39m\u001b[0m\u001b[2m:4:1)\u001b[22m\n","name":"C:\\AiNeed\\apps\\backend\\src\\modules\\coupon\\coupon.service.spec.ts","startTime":1776374721440,"status":"failed","summary":""}],"wasInterrupted":false}
