{"numFailedTestSuites":6,"numFailedTests":78,"numPassedTestSuites":53,"numPassedTests":831,"numPendingTestSuites":0,"numPendingTests":1,"numRuntimeErrorTestSuites":3,"numTodoTests":0,"numTotalTestSuites":59,"numTotalTests":910,"openHandles":[],"snapshot":{"added":0,"didUpdate":false,"failure":false,"filesAdded":0,"filesRemoved":0,"filesRemovedList":[],"filesUnmatched":0,"filesUpdated":0,"matched":0,"total":0,"unchecked":0,"uncheckedKeysByFile":[],"unmatched":0,"updated":0},"startTime":1776115934886,"success":false,"testResults":[{"assertionResults":[{"ancestorTitles":["NotificationService","send"],"duration":422,"failureDetails":[],"failureMessages":[],"fullName":"NotificationService send 应该成功创建通知","invocations":1,"location":null,"numPassingAsserts":2,"retryReasons":[],"status":"passed","title":"应该成功创建通知"},{"ancestorTitles":["NotificationService","sendBatch"],"duration":35,"failureDetails":[],"failureMessages":[],"fullName":"NotificationService sendBatch 应该批量创建通知","invocations":1,"location":null,"numPassingAsserts":2,"retryReasons":[],"status":"passed","title":"应该批量创建通知"},{"ancestorTitles":["NotificationService","getUserNotifications"],"duration":54,"failureDetails":[],"failureMessages":[],"fullName":"NotificationService getUserNotifications 应该获取用户通知列表","invocations":1,"location":null,"numPassingAsserts":3,"retryReasons":[],"status":"passed","title":"应该获取用户通知列表"},{"ancestorTitles":["NotificationService","getUserNotifications"],"duration":33,"failureDetails":[],"failureMessages":[],"fullName":"NotificationService getUserNotifications 应该只获取未读通知","invocations":1,"location":null,"numPassingAsserts":1,"retryReasons":[],"status":"passed","title":"应该只获取未读通知"},{"ancestorTitles":["NotificationService","getUserNotifications"],"duration":14,"failureDetails":[],"failureMessages":[],"fullName":"NotificationService getUserNotifications 应该支持分页","invocations":1,"location":null,"numPassingAsserts":1,"retryReasons":[],"status":"passed","title":"应该支持分页"},{"ancestorTitles":["NotificationService","markAsRead"],"duration":9,"failureDetails":[],"failureMessages":[],"fullName":"NotificationService markAsRead 应该标记通知为已读","invocations":1,"location":null,"numPassingAsserts":1,"retryReasons":[],"status":"passed","title":"应该标记通知为已读"},{"ancestorTitles":["NotificationService","markAllAsRead"],"duration":7,"failureDetails":[],"failureMessages":[],"fullName":"NotificationService markAllAsRead 应该标记所有通知为已读","invocations":1,"location":null,"numPassingAsserts":2,"retryReasons":[],"status":"passed","title":"应该标记所有通知为已读"},{"ancestorTitles":["NotificationService","delete"],"duration":14,"failureDetails":[],"failureMessages":[],"fullName":"NotificationService delete 应该删除通知","invocations":1,"location":null,"numPassingAsserts":1,"retryReasons":[],"status":"passed","title":"应该删除通知"},{"ancestorTitles":["NotificationService","getUserSettings"],"duration":18,"failureDetails":[],"failureMessages":[],"fullName":"NotificationService getUserSettings 应该获取用户通知设置","invocations":1,"location":null,"numPassingAsserts":1,"retryReasons":[],"status":"passed","title":"应该获取用户通知设置"},{"ancestorTitles":["NotificationService","getUserSettings"],"duration":19,"failureDetails":[],"failureMessages":[],"fullName":"NotificationService getUserSettings 应该返回默认设置如果用户没有设置","invocations":1,"location":null,"numPassingAsserts":2,"retryReasons":[],"status":"passed","title":"应该返回默认设置如果用户没有设置"},{"ancestorTitles":["NotificationService","updateUserSettings"],"duration":6,"failureDetails":[],"failureMessages":[],"fullName":"NotificationService updateUserSettings 应该更新用户通知设置","invocations":1,"location":null,"numPassingAsserts":1,"retryReasons":[],"status":"passed","title":"应该更新用户通知设置"},{"ancestorTitles":["NotificationService","cleanupOldNotifications"],"duration":80,"failureDetails":[],"failureMessages":[],"fullName":"NotificationService cleanupOldNotifications 应该清理过期通知","invocations":1,"location":null,"numPassingAsserts":2,"retryReasons":[],"status":"passed","title":"应该清理过期通知"},{"ancestorTitles":["NotificationService","sendToUser 别名方法"],"duration":24,"failureDetails":[],"failureMessages":[],"fullName":"NotificationService sendToUser 别名方法 应该调用 send 方法","invocations":1,"location":null,"numPassingAsserts":2,"retryReasons":[],"status":"passed","title":"应该调用 send 方法"},{"ancestorTitles":["NotificationService","WebSocket 推送"],"duration":92,"failureDetails":[],"failureMessages":[],"fullName":"NotificationService WebSocket 推送 应该成功通过 WebSocket 推送通知","invocations":1,"location":null,"numPassingAsserts":1,"retryReasons":[],"status":"passed","title":"应该成功通过 WebSocket 推送通知"},{"ancestorTitles":["NotificationService","WebSocket 推送"],"duration":36,"failureDetails":[],"failureMessages":[],"fullName":"NotificationService WebSocket 推送 应该在 WebSocket 推送失败时静默处理","invocations":1,"location":null,"numPassingAsserts":1,"retryReasons":[],"status":"passed","title":"应该在 WebSocket 推送失败时静默处理"},{"ancestorTitles":["NotificationService","WebSocket 推送"],"duration":80,"failureDetails":[],"failureMessages":[],"fullName":"NotificationService WebSocket 推送 应该正确映射各种通知类型","invocations":1,"location":null,"numPassingAsserts":12,"retryReasons":[],"status":"passed","title":"应该正确映射各种通知类型"},{"ancestorTitles":["NotificationService","通知数据完整性"],"duration":6,"failureDetails":[],"failureMessages":[],"fullName":"NotificationService 通知数据完整性 应该包含目标信息","invocations":1,"location":null,"numPassingAsserts":1,"retryReasons":[],"status":"passed","title":"应该包含目标信息"},{"ancestorTitles":["NotificationService","批量操作"],"duration":25,"failureDetails":[],"failureMessages":[],"fullName":"NotificationService 批量操作 应该处理大批量通知发送","invocations":1,"location":null,"numPassingAsserts":2,"retryReasons":[],"status":"passed","title":"应该处理大批量通知发送"},{"ancestorTitles":["NotificationService","批量操作"],"duration":37,"failureDetails":[],"failureMessages":[],"fullName":"NotificationService 批量操作 应该处理空用户列表","invocations":1,"location":null,"numPassingAsserts":1,"retryReasons":[],"status":"passed","title":"应该处理空用户列表"},{"ancestorTitles":["NotificationService","分页和过滤"],"duration":13,"failureDetails":[],"failureMessages":[],"fullName":"NotificationService 分页和过滤 应该正确计算 hasMore","invocations":1,"location":null,"numPassingAsserts":1,"retryReasons":[],"status":"passed","title":"应该正确计算 hasMore"},{"ancestorTitles":["NotificationService","分页和过滤"],"duration":3,"failureDetails":[],"failureMessages":[],"fullName":"NotificationService 分页和过滤 应该正确处理最后一页","invocations":1,"location":null,"numPassingAsserts":1,"retryReasons":[],"status":"passed","title":"应该正确处理最后一页"},{"ancestorTitles":["NotificationService","分页和过滤"],"duration":18,"failureDetails":[],"failureMessages":[],"fullName":"NotificationService 分页和过滤 应该正确计算未读计数","invocations":1,"location":null,"numPassingAsserts":1,"retryReasons":[],"status":"passed","title":"应该正确计算未读计数"},{"ancestorTitles":["NotificationService","设置管理"],"duration":4,"failureDetails":[],"failureMessages":[],"fullName":"NotificationService 设置管理 应该创建新的用户设置","invocations":1,"location":null,"numPassingAsserts":1,"retryReasons":[],"status":"passed","title":"应该创建新的用户设置"},{"ancestorTitles":["NotificationService","设置管理"],"duration":22,"failureDetails":[],"failureMessages":[],"fullName":"NotificationService 设置管理 应该部分更新设置","invocations":1,"location":null,"numPassingAsserts":2,"retryReasons":[],"status":"passed","title":"应该部分更新设置"},{"ancestorTitles":["NotificationService","清理操作"],"duration":25,"failureDetails":[],"failureMessages":[],"fullName":"NotificationService 清理操作 应该使用自定义保留天数","invocations":1,"location":null,"numPassingAsserts":1,"retryReasons":[],"status":"passed","title":"应该使用自定义保留天数"},{"ancestorTitles":["NotificationService","清理操作"],"duration":44,"failureDetails":[],"failureMessages":[],"fullName":"NotificationService 清理操作 应该只清理已读通知","invocations":1,"location":null,"numPassingAsserts":1,"retryReasons":[],"status":"passed","title":"应该只清理已读通知"},{"ancestorTitles":["NotificationService","边界条件"],"duration":49,"failureDetails":[],"failureMessages":[],"fullName":"NotificationService 边界条件 应该处理无效的通知 ID","invocations":1,"location":null,"numPassingAsserts":1,"retryReasons":[],"status":"passed","title":"应该处理无效的通知 ID"},{"ancestorTitles":["NotificationService","边界条件"],"duration":53,"failureDetails":[],"failureMessages":[],"fullName":"NotificationService 边界条件 应该处理用户没有未读通知","invocations":1,"location":null,"numPassingAsserts":1,"retryReasons":[],"status":"passed","title":"应该处理用户没有未读通知"},{"ancestorTitles":["NotificationService","边界条件"],"duration":93,"failureDetails":[],"failureMessages":[],"fullName":"NotificationService 边界条件 应该处理删除不存在的通知","invocations":1,"location":null,"numPassingAsserts":1,"retryReasons":[],"status":"passed","title":"应该处理删除不存在的通知"}],"endTime":1776116002815,"message":"","name":"C:\\AiNeed\\apps\\backend\\src\\modules\\notification\\services\\notification.service.spec.ts","startTime":1776115935774,"status":"passed","summary":""},{"assertionResults":[{"ancestorTitles":["SoftDeleteService","softDelete"],"duration":201,"failureDetails":[],"failureMessages":[],"fullName":"SoftDeleteService softDelete should successfully soft delete a record","invocations":1,"location":null,"numPassingAsserts":2,"retryReasons":[],"status":"passed","title":"should successfully soft delete a record"},{"ancestorTitles":["SoftDeleteService","softDelete"],"duration":41,"failureDetails":[],"failureMessages":[],"fullName":"SoftDeleteService softDelete should handle errors gracefully","invocations":1,"location":null,"numPassingAsserts":1,"retryReasons":[],"status":"passed","title":"should handle errors gracefully"},{"ancestorTitles":["SoftDeleteService","softDeleteMany"],"duration":8,"failureDetails":[],"failureMessages":[],"fullName":"SoftDeleteService softDeleteMany should successfully soft delete multiple records","invocations":1,"location":null,"numPassingAsserts":2,"retryReasons":[],"status":"passed","title":"should successfully soft delete multiple records"},{"ancestorTitles":["SoftDeleteService","restore"],"duration":2,"failureDetails":[],"failureMessages":[],"fullName":"SoftDeleteService restore should successfully restore a deleted record","invocations":1,"location":null,"numPassingAsserts":2,"retryReasons":[],"status":"passed","title":"should successfully restore a deleted record"},{"ancestorTitles":["SoftDeleteService","restore"],"duration":2,"failureDetails":[],"failureMessages":[],"fullName":"SoftDeleteService restore should handle errors gracefully","invocations":1,"location":null,"numPassingAsserts":1,"retryReasons":[],"status":"passed","title":"should handle errors gracefully"},{"ancestorTitles":["SoftDeleteService","restoreMany"],"duration":2,"failureDetails":[],"failureMessages":[],"fullName":"SoftDeleteService restoreMany should successfully restore multiple records","invocations":1,"location":null,"numPassingAsserts":2,"retryReasons":[],"status":"passed","title":"should successfully restore multiple records"},{"ancestorTitles":["SoftDeleteService","permanentDeleteOld"],"duration":2,"failureDetails":[],"failureMessages":[],"fullName":"SoftDeleteService permanentDeleteOld should permanently delete old soft-deleted records","invocations":1,"location":null,"numPassingAsserts":2,"retryReasons":[],"status":"passed","title":"should permanently delete old soft-deleted records"},{"ancestorTitles":["SoftDeleteService","permanentDeleteOld"],"duration":17,"failureDetails":[],"failureMessages":[],"fullName":"SoftDeleteService permanentDeleteOld should calculate the correct cutoff date","invocations":1,"location":null,"numPassingAsserts":2,"retryReasons":[],"status":"passed","title":"should calculate the correct cutoff date"}],"endTime":1776116006754,"message":"","name":"C:\\AiNeed\\apps\\backend\\src\\common\\soft-delete\\soft-delete.service.spec.ts","startTime":1776115935760,"status":"passed","summary":""},{"assertionResults":[{"ancestorTitles":["JsonApiInterceptor","resource type detection"],"duration":317,"failureDetails":[],"failureMessages":[],"fullName":"JsonApiInterceptor resource type detection should derive type from ClothingController","invocations":1,"location":null,"numPassingAsserts":1,"retryReasons":[],"status":"passed","title":"should derive type from ClothingController"},{"ancestorTitles":["JsonApiInterceptor","resource type detection"],"duration":1,"failureDetails":[],"failureMessages":[],"fullName":"JsonApiInterceptor resource type detection should derive type from AiStylistController with kebab-case","invocations":1,"location":null,"numPassingAsserts":1,"retryReasons":[],"status":"passed","title":"should derive type from AiStylistController with kebab-case"},{"ancestorTitles":["JsonApiInterceptor","resource type detection"],"duration":10,"failureDetails":[],"failureMessages":[],"fullName":"JsonApiInterceptor resource type detection should use custom type from @JsonApiType decorator","invocations":1,"location":null,"numPassingAsserts":1,"retryReasons":[],"status":"passed","title":"should use custom type from @JsonApiType decorator"},{"ancestorTitles":["JsonApiInterceptor","resource type detection"],"duration":16,"failureDetails":[],"failureMessages":[],"fullName":"JsonApiInterceptor resource type detection should handle controller without Controller suffix","invocations":1,"location":null,"numPassingAsserts":1,"retryReasons":[],"status":"passed","title":"should handle controller without Controller suffix"},{"ancestorTitles":["JsonApiInterceptor","resource type detection"],"duration":1,"failureDetails":[],"failureMessages":[],"fullName":"JsonApiInterceptor resource type detection should handle controller with Service suffix","invocations":1,"location":null,"numPassingAsserts":1,"retryReasons":[],"status":"passed","title":"should handle controller with Service suffix"},{"ancestorTitles":["JsonApiInterceptor","skip behavior"],"duration":1,"failureDetails":[],"failureMessages":[],"fullName":"JsonApiInterceptor skip behavior should skip transformation when @SkipJsonApi() is set","invocations":1,"location":null,"numPassingAsserts":1,"retryReasons":[],"status":"passed","title":"should skip transformation when @SkipJsonApi() is set"},{"ancestorTitles":["JsonApiInterceptor","skip behavior"],"duration":1,"failureDetails":[],"failureMessages":[],"fullName":"JsonApiInterceptor skip behavior should skip transformation when @SkipTransform() (SKIP_RESPONSE_TRANSFORM) is set","invocations":1,"location":null,"numPassingAsserts":1,"retryReasons":[],"status":"passed","title":"should skip transformation when @SkipTransform() (SKIP_RESPONSE_TRANSFORM) is set"},{"ancestorTitles":["JsonApiInterceptor","single object transformation"],"duration":1,"failureDetails":[],"failureMessages":[],"fullName":"JsonApiInterceptor single object transformation should transform object with id field","invocations":1,"location":null,"numPassingAsserts":6,"retryReasons":[],"status":"passed","title":"should transform object with id field"},{"ancestorTitles":["JsonApiInterceptor","single object transformation"],"duration":0,"failureDetails":[],"failureMessages":[],"fullName":"JsonApiInterceptor single object transformation should extract id from _id field","invocations":1,"location":null,"numPassingAsserts":2,"retryReasons":[],"status":"passed","title":"should extract id from _id field"},{"ancestorTitles":["JsonApiInterceptor","single object transformation"],"duration":1,"failureDetails":[],"failureMessages":[],"fullName":"JsonApiInterceptor single object transformation should extract id from uuid field","invocations":1,"location":null,"numPassingAsserts":2,"retryReasons":[],"status":"passed","title":"should extract id from uuid field"},{"ancestorTitles":["JsonApiInterceptor","single object transformation"],"duration":0,"failureDetails":[],"failureMessages":[],"fullName":"JsonApiInterceptor single object transformation should return empty string id when no id field exists","invocations":1,"location":null,"numPassingAsserts":2,"retryReasons":[],"status":"passed","title":"should return empty string id when no id field exists"},{"ancestorTitles":["JsonApiInterceptor","single object transformation"],"duration":8,"failureDetails":[],"failureMessages":[],"fullName":"JsonApiInterceptor single object transformation should exclude id fields from attributes","invocations":1,"location":null,"numPassingAsserts":5,"retryReasons":[],"status":"passed","title":"should exclude id fields from attributes"},{"ancestorTitles":["JsonApiInterceptor","single object transformation"],"duration":16,"failureDetails":[],"failureMessages":[],"fullName":"JsonApiInterceptor single object transformation should treat nested object with id as relationship","invocations":1,"location":null,"numPassingAsserts":4,"retryReasons":[],"status":"passed","title":"should treat nested object with id as relationship"},{"ancestorTitles":["JsonApiInterceptor","single object transformation"],"duration":1,"failureDetails":[],"failureMessages":[],"fullName":"JsonApiInterceptor single object transformation should treat nested array of objects with id as relationships","invocations":1,"location":null,"numPassingAsserts":3,"retryReasons":[],"status":"passed","title":"should treat nested array of objects with id as relationships"},{"ancestorTitles":["JsonApiInterceptor","single object transformation"],"duration":1,"failureDetails":[],"failureMessages":[],"fullName":"JsonApiInterceptor single object transformation should side-load included resources for relationships","invocations":1,"location":null,"numPassingAsserts":5,"retryReasons":[],"status":"passed","title":"should side-load included resources for relationships"},{"ancestorTitles":["JsonApiInterceptor","single object transformation"],"duration":1,"failureDetails":[],"failureMessages":[],"fullName":"JsonApiInterceptor single object transformation should deduplicate included resources by type:id composite key","invocations":1,"location":null,"numPassingAsserts":1,"retryReasons":[],"status":"passed","title":"should deduplicate included resources by type:id composite key"},{"ancestorTitles":["JsonApiInterceptor","single object transformation"],"duration":0,"failureDetails":[],"failureMessages":[],"fullName":"JsonApiInterceptor single object transformation should use custom type from nested object type field","invocations":1,"location":null,"numPassingAsserts":2,"retryReasons":[],"status":"passed","title":"should use custom type from nested object type field"},{"ancestorTitles":["JsonApiInterceptor","single object transformation"],"duration":0,"failureDetails":[],"failureMessages":[],"fullName":"JsonApiInterceptor single object transformation should use data.type field for resource type when present","invocations":1,"location":null,"numPassingAsserts":1,"retryReasons":[],"status":"passed","title":"should use data.type field for resource type when present"},{"ancestorTitles":["JsonApiInterceptor","single object transformation"],"duration":1,"failureDetails":[],"failureMessages":[],"fullName":"JsonApiInterceptor single object transformation should not include relationships key when no relationships exist","invocations":1,"location":null,"numPassingAsserts":1,"retryReasons":[],"status":"passed","title":"should not include relationships key when no relationships exist"},{"ancestorTitles":["JsonApiInterceptor","single object transformation"],"duration":1,"failureDetails":[],"failureMessages":[],"fullName":"JsonApiInterceptor single object transformation should not include included key when no relationships exist","invocations":1,"location":null,"numPassingAsserts":1,"retryReasons":[],"status":"passed","title":"should not include included key when no relationships exist"},{"ancestorTitles":["JsonApiInterceptor","array transformation"],"duration":0,"failureDetails":[],"failureMessages":[],"fullName":"JsonApiInterceptor array transformation should transform array of objects","invocations":1,"location":null,"numPassingAsserts":7,"retryReasons":[],"status":"passed","title":"should transform array of objects"},{"ancestorTitles":["JsonApiInterceptor","array transformation"],"duration":3,"failureDetails":[],"failureMessages":[],"fullName":"JsonApiInterceptor array transformation should transform empty array","invocations":1,"location":null,"numPassingAsserts":2,"retryReasons":[],"status":"passed","title":"should transform empty array"},{"ancestorTitles":["JsonApiInterceptor","array transformation"],"duration":1,"failureDetails":[],"failureMessages":[],"fullName":"JsonApiInterceptor array transformation should skip non-object items in array","invocations":1,"location":null,"numPassingAsserts":3,"retryReasons":[],"status":"passed","title":"should skip non-object items in array"},{"ancestorTitles":["JsonApiInterceptor","array transformation"],"duration":3,"failureDetails":[],"failureMessages":[],"fullName":"JsonApiInterceptor array transformation should side-load included resources from array items","invocations":1,"location":null,"numPassingAsserts":3,"retryReasons":[],"status":"passed","title":"should side-load included resources from array items"},{"ancestorTitles":["JsonApiInterceptor","paginated transformation"],"duration":1,"failureDetails":[],"failureMessages":[],"fullName":"JsonApiInterceptor paginated transformation should transform paginated response with items and meta","invocations":1,"location":null,"numPassingAsserts":4,"retryReasons":[],"status":"passed","title":"should transform paginated response with items and meta"},{"ancestorTitles":["JsonApiInterceptor","paginated transformation"],"duration":2,"failureDetails":[],"failureMessages":[],"fullName":"JsonApiInterceptor paginated transformation should include next link when nextCursor is present","invocations":1,"location":null,"numPassingAsserts":1,"retryReasons":[],"status":"passed","title":"should include next link when nextCursor is present"},{"ancestorTitles":["JsonApiInterceptor","paginated transformation"],"duration":1,"failureDetails":[],"failureMessages":[],"fullName":"JsonApiInterceptor paginated transformation should use & separator for next link when URL has query params","invocations":1,"location":null,"numPassingAsserts":1,"retryReasons":[],"status":"passed","title":"should use & separator for next link when URL has query params"},{"ancestorTitles":["JsonApiInterceptor","paginated transformation"],"duration":2,"failureDetails":[],"failureMessages":[],"fullName":"JsonApiInterceptor paginated transformation should not include next link when nextCursor is absent","invocations":1,"location":null,"numPassingAsserts":1,"retryReasons":[],"status":"passed","title":"should not include next link when nextCursor is absent"},{"ancestorTitles":["JsonApiInterceptor","paginated transformation"],"duration":1,"failureDetails":[],"failureMessages":[],"fullName":"JsonApiInterceptor paginated transformation should use items.length as total fallback when meta.total is absent","invocations":1,"location":null,"numPassingAsserts":1,"retryReasons":[],"status":"passed","title":"should use items.length as total fallback when meta.total is absent"},{"ancestorTitles":["JsonApiInterceptor","paginated transformation"],"duration":3,"failureDetails":[],"failureMessages":[],"fullName":"JsonApiInterceptor paginated transformation should side-load included resources from paginated items","invocations":1,"location":null,"numPassingAsserts":2,"retryReasons":[],"status":"passed","title":"should side-load included resources from paginated items"},{"ancestorTitles":["JsonApiInterceptor","null and undefined"],"duration":22,"failureDetails":[],"failureMessages":[],"fullName":"JsonApiInterceptor null and undefined should transform null to data: null","invocations":1,"location":null,"numPassingAsserts":3,"retryReasons":[],"status":"passed","title":"should transform null to data: null"},{"ancestorTitles":["JsonApiInterceptor","null and undefined"],"duration":13,"failureDetails":[],"failureMessages":[],"fullName":"JsonApiInterceptor null and undefined should transform undefined to data: null","invocations":1,"location":null,"numPassingAsserts":2,"retryReasons":[],"status":"passed","title":"should transform undefined to data: null"},{"ancestorTitles":["JsonApiInterceptor","primitive values"],"duration":1,"failureDetails":[],"failureMessages":[],"fullName":"JsonApiInterceptor primitive values should transform string to data: null","invocations":1,"location":null,"numPassingAsserts":2,"retryReasons":[],"status":"passed","title":"should transform string to data: null"},{"ancestorTitles":["JsonApiInterceptor","primitive values"],"duration":1,"failureDetails":[],"failureMessages":[],"fullName":"JsonApiInterceptor primitive values should transform number to data: null","invocations":1,"location":null,"numPassingAsserts":2,"retryReasons":[],"status":"passed","title":"should transform number to data: null"},{"ancestorTitles":["JsonApiInterceptor","primitive values"],"duration":0,"failureDetails":[],"failureMessages":[],"fullName":"JsonApiInterceptor primitive values should transform boolean to data: null","invocations":1,"location":null,"numPassingAsserts":2,"retryReasons":[],"status":"passed","title":"should transform boolean to data: null"},{"ancestorTitles":["JsonApiInterceptor","meta fields"],"duration":10,"failureDetails":[],"failureMessages":[],"fullName":"JsonApiInterceptor meta fields should include requestId from x-request-id header","invocations":1,"location":null,"numPassingAsserts":1,"retryReasons":[],"status":"passed","title":"should include requestId from x-request-id header"},{"ancestorTitles":["JsonApiInterceptor","meta fields"],"duration":5,"failureDetails":[],"failureMessages":[],"fullName":"JsonApiInterceptor meta fields should include ISO timestamp","invocations":1,"location":null,"numPassingAsserts":3,"retryReasons":[],"status":"passed","title":"should include ISO timestamp"},{"ancestorTitles":["JsonApiInterceptor","meta fields"],"duration":13,"failureDetails":[],"failureMessages":[],"fullName":"JsonApiInterceptor meta fields should include self link from request URL","invocations":1,"location":null,"numPassingAsserts":1,"retryReasons":[],"status":"passed","title":"should include self link from request URL"},{"ancestorTitles":["JsonApiInterceptor","meta fields"],"duration":9,"failureDetails":[],"failureMessages":[],"fullName":"JsonApiInterceptor meta fields should have undefined requestId when header is absent","invocations":1,"location":null,"numPassingAsserts":1,"retryReasons":[],"status":"passed","title":"should have undefined requestId when header is absent"},{"ancestorTitles":["JsonApiInterceptor","type inference from key names"],"duration":1,"failureDetails":[],"failureMessages":[],"fullName":"JsonApiInterceptor type inference from key names should infer type from known plural key names","invocations":1,"location":null,"numPassingAsserts":2,"retryReasons":[],"status":"passed","title":"should infer type from known plural key names"},{"ancestorTitles":["JsonApiInterceptor","type inference from key names"],"duration":0,"failureDetails":[],"failureMessages":[],"fullName":"JsonApiInterceptor type inference from key names should infer type from camelCase plural key names","invocations":1,"location":null,"numPassingAsserts":1,"retryReasons":[],"status":"passed","title":"should infer type from camelCase plural key names"},{"ancestorTitles":["JsonApiInterceptor","type inference from key names"],"duration":0,"failureDetails":[],"failureMessages":[],"fullName":"JsonApiInterceptor type inference from key names should infer type from unknown plural key by removing trailing s","invocations":1,"location":null,"numPassingAsserts":1,"retryReasons":[],"status":"passed","title":"should infer type from unknown plural key by removing trailing s"},{"ancestorTitles":["JsonApiInterceptor","type inference from key names"],"duration":1,"failureDetails":[],"failureMessages":[],"fullName":"JsonApiInterceptor type inference from key names should infer type from singular key using kebab-case conversion","invocations":1,"location":null,"numPassingAsserts":1,"retryReasons":[],"status":"passed","title":"should infer type from singular key using kebab-case conversion"},{"ancestorTitles":["JsonApiInterceptor","nested relationship edge cases"],"duration":4,"failureDetails":[],"failureMessages":[],"fullName":"JsonApiInterceptor nested relationship edge cases should handle deeply nested relationships","invocations":1,"location":null,"numPassingAsserts":3,"retryReasons":[],"status":"passed","title":"should handle deeply nested relationships"},{"ancestorTitles":["JsonApiInterceptor","nested relationship edge cases"],"duration":17,"failureDetails":[],"failureMessages":[],"fullName":"JsonApiInterceptor nested relationship edge cases should handle relationship object with _id field","invocations":1,"location":null,"numPassingAsserts":1,"retryReasons":[],"status":"passed","title":"should handle relationship object with _id field"},{"ancestorTitles":["JsonApiInterceptor","nested relationship edge cases"],"duration":1,"failureDetails":[],"failureMessages":[],"fullName":"JsonApiInterceptor nested relationship edge cases should handle relationship object with uuid field","invocations":1,"location":null,"numPassingAsserts":1,"retryReasons":[],"status":"passed","title":"should handle relationship object with uuid field"},{"ancestorTitles":["JsonApiInterceptor","nested relationship edge cases"],"duration":0,"failureDetails":[],"failureMessages":[],"fullName":"JsonApiInterceptor nested relationship edge cases should not treat plain object without id as relationship","invocations":1,"location":null,"numPassingAsserts":2,"retryReasons":[],"status":"passed","title":"should not treat plain object without id as relationship"},{"ancestorTitles":["JsonApiInterceptor","nested relationship edge cases"],"duration":0,"failureDetails":[],"failureMessages":[],"fullName":"JsonApiInterceptor nested relationship edge cases should not treat empty array as relationship array","invocations":1,"location":null,"numPassingAsserts":2,"retryReasons":[],"status":"passed","title":"should not treat empty array as relationship array"},{"ancestorTitles":["JsonApiInterceptor","nested relationship edge cases"],"duration":1,"failureDetails":[],"failureMessages":[],"fullName":"JsonApiInterceptor nested relationship edge cases should not treat array of primitives as relationships","invocations":1,"location":null,"numPassingAsserts":2,"retryReasons":[],"status":"passed","title":"should not treat array of primitives as relationships"},{"ancestorTitles":["JsonApiInterceptor","deduplication of included resources"],"duration":0,"failureDetails":[],"failureMessages":[],"fullName":"JsonApiInterceptor deduplication of included resources should deduplicate included resources across array items","invocations":1,"location":null,"numPassingAsserts":2,"retryReasons":[],"status":"passed","title":"should deduplicate included resources across array items"},{"ancestorTitles":["JsonApiInterceptor","decorators"],"duration":0,"failureDetails":[],"failureMessages":[],"fullName":"JsonApiInterceptor decorators JsonApiType should set JSON_API_TYPE metadata","invocations":1,"location":null,"numPassingAsserts":1,"retryReasons":[],"status":"passed","title":"JsonApiType should set JSON_API_TYPE metadata"},{"ancestorTitles":["JsonApiInterceptor","decorators"],"duration":0,"failureDetails":[],"failureMessages":[],"fullName":"JsonApiInterceptor decorators SkipJsonApi should set SKIP_JSON_API metadata","invocations":1,"location":null,"numPassingAsserts":1,"retryReasons":[],"status":"passed","title":"SkipJsonApi should set SKIP_JSON_API metadata"},{"ancestorTitles":["JsonApiInterceptor","id extraction priority"],"duration":1,"failureDetails":[],"failureMessages":[],"fullName":"JsonApiInterceptor id extraction priority should prioritize id over _id and uuid","invocations":1,"location":null,"numPassingAsserts":1,"retryReasons":[],"status":"passed","title":"should prioritize id over _id and uuid"},{"ancestorTitles":["JsonApiInterceptor","id extraction priority"],"duration":0,"failureDetails":[],"failureMessages":[],"fullName":"JsonApiInterceptor id extraction priority should use _id when id is absent","invocations":1,"location":null,"numPassingAsserts":1,"retryReasons":[],"status":"passed","title":"should use _id when id is absent"},{"ancestorTitles":["JsonApiInterceptor","id extraction priority"],"duration":0,"failureDetails":[],"failureMessages":[],"fullName":"JsonApiInterceptor id extraction priority should convert numeric id to string","invocations":1,"location":null,"numPassingAsserts":1,"retryReasons":[],"status":"passed","title":"should convert numeric id to string"},{"ancestorTitles":["JsonApiInterceptor","null id fields in relationships"],"duration":1,"failureDetails":[],"failureMessages":[],"fullName":"JsonApiInterceptor null id fields in relationships should not treat object with null id as relationship","invocations":1,"location":null,"numPassingAsserts":2,"retryReasons":[],"status":"passed","title":"should not treat object with null id as relationship"}],"endTime":1776116009862,"message":"","name":"C:\\AiNeed\\apps\\backend\\src\\common\\interceptors\\json-api.interceptor.spec.ts","startTime":1776116004740,"status":"passed","summary":""},{"assertionResults":[{"ancestorTitles":["ImageProcessingService"],"duration":151,"failureDetails":[],"failureMessages":[],"fullName":"ImageProcessingService should be defined","invocations":1,"location":null,"numPassingAsserts":1,"retryReasons":[],"status":"passed","title":"should be defined"},{"ancestorTitles":["ImageProcessingService","generateSizes"],"duration":67,"failureDetails":[],"failureMessages":[],"fullName":"ImageProcessingService generateSizes should generate all default sizes","invocations":1,"location":null,"numPassingAsserts":2,"retryReasons":[],"status":"passed","title":"should generate all default sizes"},{"ancestorTitles":["ImageProcessingService","generateSizes"],"duration":1,"failureDetails":[],"failureMessages":[],"fullName":"ImageProcessingService generateSizes should generate only specified sizes","invocations":1,"location":null,"numPassingAsserts":3,"retryReasons":[],"status":"passed","title":"should generate only specified sizes"},{"ancestorTitles":["ImageProcessingService","generateSizes"],"duration":4,"failureDetails":[],"failureMessages":[],"fullName":"ImageProcessingService generateSizes should use cover fit for thumbnail","invocations":1,"location":null,"numPassingAsserts":1,"retryReasons":[],"status":"passed","title":"should use cover fit for thumbnail"},{"ancestorTitles":["ImageProcessingService","generateSizes"],"duration":1,"failureDetails":[],"failureMessages":[],"fullName":"ImageProcessingService generateSizes should use inside fit for non-thumbnail sizes","invocations":1,"location":null,"numPassingAsserts":1,"retryReasons":[],"status":"passed","title":"should use inside fit for non-thumbnail sizes"},{"ancestorTitles":["ImageProcessingService","generateSizes"],"duration":14,"failureDetails":[],"failureMessages":[],"fullName":"ImageProcessingService generateSizes should not resize for original size","invocations":1,"location":null,"numPassingAsserts":1,"retryReasons":[],"status":"passed","title":"should not resize for original size"},{"ancestorTitles":["ImageProcessingService","generateSizes"],"duration":1,"failureDetails":[],"failureMessages":[],"fullName":"ImageProcessingService generateSizes should output webp format","invocations":1,"location":null,"numPassingAsserts":2,"retryReasons":[],"status":"passed","title":"should output webp format"},{"ancestorTitles":["ImageProcessingService","optimize"],"duration":11,"failureDetails":[],"failureMessages":[],"fullName":"ImageProcessingService optimize should optimize to webp by default","invocations":1,"location":null,"numPassingAsserts":1,"retryReasons":[],"status":"passed","title":"should optimize to webp by default"},{"ancestorTitles":["ImageProcessingService","optimize"],"duration":3,"failureDetails":[],"failureMessages":[],"fullName":"ImageProcessingService optimize should optimize to jpeg when specified","invocations":1,"location":null,"numPassingAsserts":1,"retryReasons":[],"status":"passed","title":"should optimize to jpeg when specified"},{"ancestorTitles":["ImageProcessingService","optimize"],"duration":2,"failureDetails":[],"failureMessages":[],"fullName":"ImageProcessingService optimize should resize when width or height provided","invocations":1,"location":null,"numPassingAsserts":1,"retryReasons":[],"status":"passed","title":"should resize when width or height provided"},{"ancestorTitles":["ImageProcessingService","getMetadata"],"duration":8,"failureDetails":[],"failureMessages":[],"fullName":"ImageProcessingService getMetadata should return image metadata","invocations":1,"location":null,"numPassingAsserts":5,"retryReasons":[],"status":"passed","title":"should return image metadata"},{"ancestorTitles":["ImageProcessingService","getMetadata"],"duration":1,"failureDetails":[],"failureMessages":[],"fullName":"ImageProcessingService getMetadata should map format to content type","invocations":1,"location":null,"numPassingAsserts":1,"retryReasons":[],"status":"passed","title":"should map format to content type"}],"endTime":1776116010546,"message":"","name":"C:\\AiNeed\\apps\\backend\\src\\common\\services\\image-processing.service.spec.ts","startTime":1776116007449,"status":"passed","summary":""},{"assertionResults":[{"ancestorTitles":["AiQuotaService","checkQuota"],"duration":102,"failureDetails":[],"failureMessages":[],"fullName":"AiQuotaService checkQuota 应该在配额未用完时返回 allowed=true","invocations":1,"location":null,"numPassingAsserts":2,"retryReasons":[],"status":"passed","title":"应该在配额未用完时返回 allowed=true"},{"ancestorTitles":["AiQuotaService","checkQuota"],"duration":2,"failureDetails":[],"failureMessages":[],"fullName":"AiQuotaService checkQuota 应该在配额用完时返回 allowed=false","invocations":1,"location":null,"numPassingAsserts":2,"retryReasons":[],"status":"passed","title":"应该在配额用完时返回 allowed=false"},{"ancestorTitles":["AiQuotaService","checkQuota"],"duration":1,"failureDetails":[],"failureMessages":[],"fullName":"AiQuotaService checkQuota 应该返回正确的剩余次数","invocations":1,"location":null,"numPassingAsserts":2,"retryReasons":[],"status":"passed","title":"应该返回正确的剩余次数"},{"ancestorTitles":["AiQuotaService","checkQuota"],"duration":1,"failureDetails":[],"failureMessages":[],"fullName":"AiQuotaService checkQuota 不同用户的配额应该独立计算","invocations":1,"location":null,"numPassingAsserts":2,"retryReasons":[],"status":"passed","title":"不同用户的配额应该独立计算"},{"ancestorTitles":["AiQuotaService","checkQuota"],"duration":10,"failureDetails":[],"failureMessages":[],"fullName":"AiQuotaService checkQuota 不同类型的配额应该独立计算","invocations":1,"location":null,"numPassingAsserts":2,"retryReasons":[],"status":"passed","title":"不同类型的配额应该独立计算"},{"ancestorTitles":["AiQuotaService","consumeQuota"],"duration":2,"failureDetails":[],"failureMessages":[],"fullName":"AiQuotaService consumeQuota 应该成功消耗配额并返回剩余次数","invocations":1,"location":null,"numPassingAsserts":2,"retryReasons":[],"status":"passed","title":"应该成功消耗配额并返回剩余次数"},{"ancestorTitles":["AiQuotaService","consumeQuota"],"duration":1,"failureDetails":[],"failureMessages":[],"fullName":"AiQuotaService consumeQuota 应该在配额用完时返回 consumed=false","invocations":1,"location":null,"numPassingAsserts":2,"retryReasons":[],"status":"passed","title":"应该在配额用完时返回 consumed=false"},{"ancestorTitles":["AiQuotaService","consumeQuota"],"duration":1,"failureDetails":[],"failureMessages":[],"fullName":"AiQuotaService consumeQuota try-on 配额限制应该为 3","invocations":1,"location":null,"numPassingAsserts":4,"retryReasons":[],"status":"passed","title":"try-on 配额限制应该为 3"},{"ancestorTitles":["AiQuotaService","consumeQuota"],"duration":13,"failureDetails":[],"failureMessages":[],"fullName":"AiQuotaService consumeQuota 首次消耗时应该设置过期时间","invocations":1,"location":null,"numPassingAsserts":1,"retryReasons":[],"status":"passed","title":"首次消耗时应该设置过期时间"},{"ancestorTitles":["AiQuotaService","consumeQuota"],"duration":1,"failureDetails":[],"failureMessages":[],"fullName":"AiQuotaService consumeQuota 应该返回 resetAt 时间","invocations":1,"location":null,"numPassingAsserts":1,"retryReasons":[],"status":"passed","title":"应该返回 resetAt 时间"},{"ancestorTitles":["AiQuotaService","getQuotaStatus"],"duration":2,"failureDetails":[],"failureMessages":[],"fullName":"AiQuotaService getQuotaStatus 应该返回所有配额类型的状态","invocations":1,"location":null,"numPassingAsserts":6,"retryReasons":[],"status":"passed","title":"应该返回所有配额类型的状态"},{"ancestorTitles":["AiQuotaService","getQuotaStatus"],"duration":1,"failureDetails":[],"failureMessages":[],"fullName":"AiQuotaService getQuotaStatus 应该对未使用的配额返回 used=0","invocations":1,"location":null,"numPassingAsserts":2,"retryReasons":[],"status":"passed","title":"应该对未使用的配额返回 used=0"},{"ancestorTitles":["AiQuotaService","resetQuota"],"duration":1,"failureDetails":[],"failureMessages":[],"fullName":"AiQuotaService resetQuota 应该重置指定类型的配额","invocations":1,"location":null,"numPassingAsserts":2,"retryReasons":[],"status":"passed","title":"应该重置指定类型的配额"},{"ancestorTitles":["AiQuotaService","resetQuota"],"duration":1,"failureDetails":[],"failureMessages":[],"fullName":"AiQuotaService resetQuota 应该重置所有类型的配额（不指定 quotaType）","invocations":1,"location":null,"numPassingAsserts":2,"retryReasons":[],"status":"passed","title":"应该重置所有类型的配额（不指定 quotaType）"},{"ancestorTitles":["AiQuotaService","key format"],"duration":1,"failureDetails":[],"failureMessages":[],"fullName":"AiQuotaService key format 应该使用 xuno:quota:{userId}:{date}:{type} 格式","invocations":1,"location":null,"numPassingAsserts":1,"retryReasons":[],"status":"passed","title":"应该使用 xuno:quota:{userId}:{date}:{type} 格式"},{"ancestorTitles":["AiQuotaService","custom limits from config"],"duration":15,"failureDetails":[],"failureMessages":[],"fullName":"AiQuotaService custom limits from config 应该使用环境变量中的自定义限制","invocations":1,"location":null,"numPassingAsserts":6,"retryReasons":[],"status":"passed","title":"应该使用环境变量中的自定义限制"}],"endTime":1776116014332,"message":"","name":"C:\\AiNeed\\apps\\backend\\src\\modules\\security\\rate-limit\\ai-quota.service.spec.ts","startTime":1776116010874,"status":"passed","summary":""},{"assertionResults":[{"ancestorTitles":["TryOnService","createTryOnRequest"],"duration":420,"failureDetails":[{}],"failureMessages":["TypeError: this.redis.pipeline is not a function\n    at TryOnService.incrementDailyRetryCount (C:\\AiNeed\\apps\\backend\\src\\modules\\try-on\\try-on.service.ts:451:33)\n    at TryOnService.createTryOnRequest (C:\\AiNeed\\apps\\backend\\src\\modules\\try-on\\try-on.service.ts:208:16)\n    at processTicksAndRejections (node:internal/process/task_queues:104:5)\n    at Object.<anonymous> (C:\\AiNeed\\apps\\backend\\src\\modules\\try-on\\try-on.service.spec.ts:171:22)"],"fullName":"TryOnService createTryOnRequest 应该成功创建试衣请求","invocations":1,"location":null,"numPassingAsserts":0,"retryReasons":[],"status":"failed","title":"应该成功创建试衣请求"},{"ancestorTitles":["TryOnService","createTryOnRequest"],"duration":39,"failureDetails":[],"failureMessages":[],"fullName":"TryOnService createTryOnRequest 应该返回已存在的试衣记录","invocations":1,"location":null,"numPassingAsserts":4,"retryReasons":[],"status":"passed","title":"应该返回已存在的试衣记录"},{"ancestorTitles":["TryOnService","createTryOnRequest"],"duration":35,"failureDetails":[],"failureMessages":[],"fullName":"TryOnService createTryOnRequest 应该返回正在处理的试衣记录","invocations":1,"location":null,"numPassingAsserts":2,"retryReasons":[],"status":"passed","title":"应该返回正在处理的试衣记录"},{"ancestorTitles":["TryOnService","createTryOnRequest"],"duration":7,"failureDetails":[],"failureMessages":[],"fullName":"TryOnService createTryOnRequest 应该抛出 NotFoundException 当照片不存在","invocations":1,"location":null,"numPassingAsserts":1,"retryReasons":[],"status":"passed","title":"应该抛出 NotFoundException 当照片不存在"},{"ancestorTitles":["TryOnService","createTryOnRequest"],"duration":13,"failureDetails":[],"failureMessages":[],"fullName":"TryOnService createTryOnRequest 应该抛出 NotFoundException 当服装不存在","invocations":1,"location":null,"numPassingAsserts":1,"retryReasons":[],"status":"passed","title":"应该抛出 NotFoundException 当服装不存在"},{"ancestorTitles":["TryOnService","getTryOnStatus"],"duration":47,"failureDetails":[],"failureMessages":[],"fullName":"TryOnService getTryOnStatus 应该返回试衣状态","invocations":1,"location":null,"numPassingAsserts":2,"retryReasons":[],"status":"passed","title":"应该返回试衣状态"},{"ancestorTitles":["TryOnService","getTryOnStatus"],"duration":1,"failureDetails":[],"failureMessages":[],"fullName":"TryOnService getTryOnStatus 应该抛出 NotFoundException 当试衣记录不存在","invocations":1,"location":null,"numPassingAsserts":1,"retryReasons":[],"status":"passed","title":"应该抛出 NotFoundException 当试衣记录不存在"},{"ancestorTitles":["TryOnService","getUserTryOnHistory"],"duration":2,"failureDetails":[],"failureMessages":[],"fullName":"TryOnService getUserTryOnHistory 应该返回用户试衣历史","invocations":1,"location":null,"numPassingAsserts":4,"retryReasons":[],"status":"passed","title":"应该返回用户试衣历史"},{"ancestorTitles":["TryOnService","getUserTryOnHistory"],"duration":2,"failureDetails":[],"failureMessages":[],"fullName":"TryOnService getUserTryOnHistory 应该支持分页","invocations":1,"location":null,"numPassingAsserts":4,"retryReasons":[],"status":"passed","title":"应该支持分页"},{"ancestorTitles":["TryOnService","getUserTryOnHistory"],"duration":1,"failureDetails":[],"failureMessages":[],"fullName":"TryOnService getUserTryOnHistory 应该支持状态筛选","invocations":1,"location":null,"numPassingAsserts":1,"retryReasons":[],"status":"passed","title":"应该支持状态筛选"},{"ancestorTitles":["TryOnService","getUserTryOnHistory"],"duration":2,"failureDetails":[],"failureMessages":[],"fullName":"TryOnService getUserTryOnHistory 应该返回空列表当没有历史记录","invocations":1,"location":null,"numPassingAsserts":3,"retryReasons":[],"status":"passed","title":"应该返回空列表当没有历史记录"},{"ancestorTitles":["TryOnService","deleteTryOn"],"duration":2,"failureDetails":[],"failureMessages":[],"fullName":"TryOnService deleteTryOn 应该成功删除试衣记录","invocations":1,"location":null,"numPassingAsserts":1,"retryReasons":[],"status":"passed","title":"应该成功删除试衣记录"},{"ancestorTitles":["TryOnService","deleteTryOn"],"duration":1,"failureDetails":[],"failureMessages":[],"fullName":"TryOnService deleteTryOn 应该抛出 NotFoundException 当试衣记录不存在","invocations":1,"location":null,"numPassingAsserts":1,"retryReasons":[],"status":"passed","title":"应该抛出 NotFoundException 当试衣记录不存在"},{"ancestorTitles":["TryOnService","异步处理测试"],"duration":12,"failureDetails":[{}],"failureMessages":["TypeError: this.redis.pipeline is not a function\n    at TryOnService.incrementDailyRetryCount (C:\\AiNeed\\apps\\backend\\src\\modules\\try-on\\try-on.service.ts:451:33)\n    at TryOnService.createTryOnRequest (C:\\AiNeed\\apps\\backend\\src\\modules\\try-on\\try-on.service.ts:208:16)\n    at processTicksAndRejections (node:internal/process/task_queues:104:5)\n    at Object.<anonymous> (C:\\AiNeed\\apps\\backend\\src\\modules\\try-on\\try-on.service.spec.ts:395:7)"],"fullName":"TryOnService 异步处理测试 应该异步处理试衣请求并更新状态","invocations":1,"location":null,"numPassingAsserts":0,"retryReasons":[],"status":"failed","title":"应该异步处理试衣请求并更新状态"},{"ancestorTitles":["TryOnService","异步处理测试"],"duration":1,"failureDetails":[{}],"failureMessages":["TypeError: this.redis.pipeline is not a function\n    at TryOnService.incrementDailyRetryCount (C:\\AiNeed\\apps\\backend\\src\\modules\\try-on\\try-on.service.ts:451:33)\n    at TryOnService.createTryOnRequest (C:\\AiNeed\\apps\\backend\\src\\modules\\try-on\\try-on.service.ts:208:16)\n    at processTicksAndRejections (node:internal/process/task_queues:104:5)\n    at Object.<anonymous> (C:\\AiNeed\\apps\\backend\\src\\modules\\try-on\\try-on.service.spec.ts:413:7)"],"fullName":"TryOnService 异步处理测试 应该在处理完成后发布完成事件","invocations":1,"location":null,"numPassingAsserts":0,"retryReasons":[],"status":"failed","title":"应该在处理完成后发布完成事件"},{"ancestorTitles":["TryOnService","服装缺少图片的边界情况"],"duration":3,"failureDetails":[],"failureMessages":[],"fullName":"TryOnService 服装缺少图片的边界情况 应该拒绝没有图片的服装","invocations":1,"location":null,"numPassingAsserts":1,"retryReasons":[],"status":"passed","title":"应该拒绝没有图片的服装"},{"ancestorTitles":["TryOnService","服装缺少图片的边界情况"],"duration":2,"failureDetails":[],"failureMessages":[],"fullName":"TryOnService 服装缺少图片的边界情况 应该拒绝图片数组为 null 的服装","invocations":1,"location":null,"numPassingAsserts":1,"retryReasons":[],"status":"passed","title":"应该拒绝图片数组为 null 的服装"},{"ancestorTitles":["TryOnService","mapCategory 测试"],"duration":6,"failureDetails":[{}],"failureMessages":["TypeError: this.redis.pipeline is not a function\n    at TryOnService.incrementDailyRetryCount (C:\\AiNeed\\apps\\backend\\src\\modules\\try-on\\try-on.service.ts:451:33)\n    at TryOnService.createTryOnRequest (C:\\AiNeed\\apps\\backend\\src\\modules\\try-on\\try-on.service.ts:208:16)\n    at processTicksAndRejections (node:internal/process/task_queues:104:5)\n    at Object.<anonymous> (C:\\AiNeed\\apps\\backend\\src\\modules\\try-on\\try-on.service.spec.ts:469:7)"],"fullName":"TryOnService mapCategory 测试 应该正确映射上衣类别","invocations":1,"location":null,"numPassingAsserts":0,"retryReasons":[],"status":"failed","title":"应该正确映射上衣类别"},{"ancestorTitles":["TryOnService","mapCategory 测试"],"duration":2,"failureDetails":[{}],"failureMessages":["TypeError: this.redis.pipeline is not a function\n    at TryOnService.incrementDailyRetryCount (C:\\AiNeed\\apps\\backend\\src\\modules\\try-on\\try-on.service.ts:451:33)\n    at TryOnService.createTryOnRequest (C:\\AiNeed\\apps\\backend\\src\\modules\\try-on\\try-on.service.ts:208:16)\n    at processTicksAndRejections (node:internal/process/task_queues:104:5)\n    at Object.<anonymous> (C:\\AiNeed\\apps\\backend\\src\\modules\\try-on\\try-on.service.spec.ts:482:7)"],"fullName":"TryOnService mapCategory 测试 应该正确映射下装类别","invocations":1,"location":null,"numPassingAsserts":0,"retryReasons":[],"status":"failed","title":"应该正确映射下装类别"},{"ancestorTitles":["TryOnService","mapCategory 测试"],"duration":13,"failureDetails":[{}],"failureMessages":["TypeError: this.redis.pipeline is not a function\n    at TryOnService.incrementDailyRetryCount (C:\\AiNeed\\apps\\backend\\src\\modules\\try-on\\try-on.service.ts:451:33)\n    at TryOnService.createTryOnRequest (C:\\AiNeed\\apps\\backend\\src\\modules\\try-on\\try-on.service.ts:208:16)\n    at processTicksAndRejections (node:internal/process/task_queues:104:5)\n    at Object.<anonymous> (C:\\AiNeed\\apps\\backend\\src\\modules\\try-on\\try-on.service.spec.ts:494:7)"],"fullName":"TryOnService mapCategory 测试 应该正确映射连衣裙类别","invocations":1,"location":null,"numPassingAsserts":0,"retryReasons":[],"status":"failed","title":"应该正确映射连衣裙类别"},{"ancestorTitles":["TryOnService","mapCategory 测试"],"duration":1,"failureDetails":[{}],"failureMessages":["TypeError: this.redis.pipeline is not a function\n    at TryOnService.incrementDailyRetryCount (C:\\AiNeed\\apps\\backend\\src\\modules\\try-on\\try-on.service.ts:451:33)\n    at TryOnService.createTryOnRequest (C:\\AiNeed\\apps\\backend\\src\\modules\\try-on\\try-on.service.ts:208:16)\n    at processTicksAndRejections (node:internal/process/task_queues:104:5)\n    at Object.<anonymous> (C:\\AiNeed\\apps\\backend\\src\\modules\\try-on\\try-on.service.spec.ts:506:7)"],"fullName":"TryOnService mapCategory 测试 应该正确映射连体衣类别","invocations":1,"location":null,"numPassingAsserts":0,"retryReasons":[],"status":"failed","title":"应该正确映射连体衣类别"},{"ancestorTitles":["TryOnService","mapCategory 测试"],"duration":1,"failureDetails":[{}],"failureMessages":["TypeError: this.redis.pipeline is not a function\n    at TryOnService.incrementDailyRetryCount (C:\\AiNeed\\apps\\backend\\src\\modules\\try-on\\try-on.service.ts:451:33)\n    at TryOnService.createTryOnRequest (C:\\AiNeed\\apps\\backend\\src\\modules\\try-on\\try-on.service.ts:208:16)\n    at processTicksAndRejections (node:internal/process/task_queues:104:5)\n    at Object.<anonymous> (C:\\AiNeed\\apps\\backend\\src\\modules\\try-on\\try-on.service.spec.ts:518:7)"],"fullName":"TryOnService mapCategory 测试 应该对未知类别使用默认值","invocations":1,"location":null,"numPassingAsserts":0,"retryReasons":[],"status":"failed","title":"应该对未知类别使用默认值"},{"ancestorTitles":["TryOnService","getTryOnResultAsset 测试"],"duration":20,"failureDetails":[],"failureMessages":[],"fullName":"TryOnService getTryOnResultAsset 测试 应该返回试衣结果资源","invocations":1,"location":null,"numPassingAsserts":2,"retryReasons":[],"status":"passed","title":"应该返回试衣结果资源"},{"ancestorTitles":["TryOnService","getTryOnResultAsset 测试"],"duration":3,"failureDetails":[],"failureMessages":[],"fullName":"TryOnService getTryOnResultAsset 测试 应该拒绝不存在的试衣记录","invocations":1,"location":null,"numPassingAsserts":1,"retryReasons":[],"status":"passed","title":"应该拒绝不存在的试衣记录"},{"ancestorTitles":["TryOnService","getTryOnResultAsset 测试"],"duration":1,"failureDetails":[],"failureMessages":[],"fullName":"TryOnService getTryOnResultAsset 测试 应该拒绝没有结果图片的试衣记录","invocations":1,"location":null,"numPassingAsserts":1,"retryReasons":[],"status":"passed","title":"应该拒绝没有结果图片的试衣记录"},{"ancestorTitles":["TryOnService","边界情况测试"],"duration":3,"failureDetails":[],"failureMessages":[],"fullName":"TryOnService 边界情况测试 应该处理不属于当前用户的照片","invocations":1,"location":null,"numPassingAsserts":1,"retryReasons":[],"status":"passed","title":"应该处理不属于当前用户的照片"},{"ancestorTitles":["TryOnService","边界情况测试"],"duration":2,"failureDetails":[{}],"failureMessages":["TypeError: this.redis.pipeline is not a function\n    at TryOnService.incrementDailyRetryCount (C:\\AiNeed\\apps\\backend\\src\\modules\\try-on\\try-on.service.ts:451:33)\n    at TryOnService.createTryOnRequest (C:\\AiNeed\\apps\\backend\\src\\modules\\try-on\\try-on.service.ts:208:16)\n    at processTicksAndRejections (node:internal/process/task_queues:104:5)\n    at Object.<anonymous> (C:\\AiNeed\\apps\\backend\\src\\modules\\try-on\\try-on.service.spec.ts:587:7)"],"fullName":"TryOnService 边界情况测试 应该处理大写类别名称","invocations":1,"location":null,"numPassingAsserts":0,"retryReasons":[],"status":"failed","title":"应该处理大写类别名称"},{"ancestorTitles":["TryOnService","边界情况测试"],"duration":0,"failureDetails":[{}],"failureMessages":["TypeError: this.redis.pipeline is not a function\n    at TryOnService.incrementDailyRetryCount (C:\\AiNeed\\apps\\backend\\src\\modules\\try-on\\try-on.service.ts:451:33)\n    at TryOnService.createTryOnRequest (C:\\AiNeed\\apps\\backend\\src\\modules\\try-on\\try-on.service.ts:208:16)\n    at processTicksAndRejections (node:internal/process/task_queues:104:5)\n    at Object.<anonymous> (C:\\AiNeed\\apps\\backend\\src\\modules\\try-on\\try-on.service.spec.ts:599:7)"],"fullName":"TryOnService 边界情况测试 应该处理空类别","invocations":1,"location":null,"numPassingAsserts":0,"retryReasons":[],"status":"failed","title":"应该处理空类别"},{"ancestorTitles":["TryOnService","边界情况测试"],"duration":41,"failureDetails":[{"message":"\u001b[2mexpect(\u001b[22m\u001b[31mreceived\u001b[39m\u001b[2m).\u001b[22mresolves\u001b[2m.\u001b[22mtoBeDefined\u001b[2m()\u001b[22m\n\nReceived promise rejected instead of resolved\nRejected to value: \u001b[31m[TypeError: this.redis.pipeline is not a function]\u001b[39m"}],"failureMessages":["Error: \u001b[2mexpect(\u001b[22m\u001b[31mreceived\u001b[39m\u001b[2m).\u001b[22mresolves\u001b[2m.\u001b[22mtoBeDefined\u001b[2m()\u001b[22m\n\nReceived promise rejected instead of resolved\nRejected to value: \u001b[31m[TypeError: this.redis.pipeline is not a function]\u001b[39m\n    at expect (C:\\AiNeed\\node_modules\\@jest\\expect\\node_modules\\expect\\build\\index.js:113:15)\n    at Object.<anonymous> (C:\\AiNeed\\apps\\backend\\src\\modules\\try-on\\try-on.service.spec.ts:614:13)\n    at Promise.then.completed (C:\\AiNeed\\node_modules\\jest-circus\\build\\utils.js:298:28)\n    at new Promise (<anonymous>)\n    at callAsyncCircusFn (C:\\AiNeed\\node_modules\\jest-circus\\build\\utils.js:231:10)\n    at _callCircusTest (C:\\AiNeed\\node_modules\\jest-circus\\build\\run.js:316:40)\n    at processTicksAndRejections (node:internal/process/task_queues:104:5)\n    at _runTest (C:\\AiNeed\\node_modules\\jest-circus\\build\\run.js:252:3)\n    at _runTestsForDescribeBlock (C:\\AiNeed\\node_modules\\jest-circus\\build\\run.js:126:9)\n    at _runTestsForDescribeBlock (C:\\AiNeed\\node_modules\\jest-circus\\build\\run.js:121:9)\n    at _runTestsForDescribeBlock (C:\\AiNeed\\node_modules\\jest-circus\\build\\run.js:121:9)\n    at run (C:\\AiNeed\\node_modules\\jest-circus\\build\\run.js:71:3)\n    at runAndTransformResultsToJestFormat (C:\\AiNeed\\node_modules\\jest-circus\\build\\legacy-code-todo-rewrite\\jestAdapterInit.js:122:21)\n    at jestAdapter (C:\\AiNeed\\node_modules\\jest-circus\\build\\legacy-code-todo-rewrite\\jestAdapter.js:79:19)\n    at runTestInternal (C:\\AiNeed\\node_modules\\jest-runner\\build\\runTest.js:367:16)\n    at runTest (C:\\AiNeed\\node_modules\\jest-runner\\build\\runTest.js:444:34)\n    at Object.worker (C:\\AiNeed\\node_modules\\jest-runner\\build\\testWorker.js:106:12)"],"fullName":"TryOnService 边界情况测试 应该处理 Redis 发布失败","invocations":1,"location":null,"numPassingAsserts":0,"retryReasons":[],"status":"failed","title":"应该处理 Redis 发布失败"}],"endTime":1776116014958,"message":"\u001b[1m\u001b[31m  \u001b[1m● \u001b[22m\u001b[1mTryOnService › createTryOnRequest › 应该成功创建试衣请求\u001b[39m\u001b[22m\n\n    TypeError: this.redis.pipeline is not a function\n\u001b[2m\u001b[22m\n\u001b[2m    \u001b[0m \u001b[90m 449 |\u001b[39m     )\u001b[33m;\u001b[39m\u001b[22m\n\u001b[2m     \u001b[90m 450 |\u001b[39m\u001b[22m\n\u001b[2m    \u001b[31m\u001b[1m>\u001b[22m\u001b[2m\u001b[39m\u001b[90m 451 |\u001b[39m     \u001b[36mconst\u001b[39m pipeline \u001b[33m=\u001b[39m \u001b[36mthis\u001b[39m\u001b[33m.\u001b[39mredis\u001b[33m.\u001b[39mpipeline()\u001b[33m;\u001b[39m\u001b[22m\n\u001b[2m     \u001b[90m     |\u001b[39m                                 \u001b[31m\u001b[1m^\u001b[22m\u001b[2m\u001b[39m\u001b[22m\n\u001b[2m     \u001b[90m 452 |\u001b[39m     pipeline\u001b[33m.\u001b[39mincr(key)\u001b[33m;\u001b[39m\u001b[22m\n\u001b[2m     \u001b[90m 453 |\u001b[39m     \u001b[36mif\u001b[39m (ttlSeconds \u001b[33m>\u001b[39m \u001b[35m0\u001b[39m) {\u001b[22m\n\u001b[2m     \u001b[90m 454 |\u001b[39m       pipeline\u001b[33m.\u001b[39mexpire(key\u001b[33m,\u001b[39m ttlSeconds)\u001b[33m;\u001b[39m\u001b[0m\u001b[22m\n\u001b[2m\u001b[22m\n\u001b[2m      \u001b[2mat TryOnService.incrementDailyRetryCount (\u001b[22m\u001b[2msrc/modules/try-on/try-on.service.ts\u001b[2m:451:33)\u001b[22m\u001b[2m\u001b[22m\n\u001b[2m      \u001b[2mat TryOnService.createTryOnRequest (\u001b[22m\u001b[2msrc/modules/try-on/try-on.service.ts\u001b[2m:208:16)\u001b[22m\u001b[2m\u001b[22m\n\u001b[2m      \u001b[2mat Object.<anonymous> (\u001b[22m\u001b[2m\u001b[0m\u001b[36msrc/modules/try-on/try-on.service.spec.ts\u001b[39m\u001b[0m\u001b[2m:171:22)\u001b[22m\u001b[2m\u001b[22m\n\n\u001b[1m\u001b[31m  \u001b[1m● \u001b[22m\u001b[1mTryOnService › 异步处理测试 › 应该异步处理试衣请求并更新状态\u001b[39m\u001b[22m\n\n    TypeError: this.redis.pipeline is not a function\n\u001b[2m\u001b[22m\n\u001b[2m    \u001b[0m \u001b[90m 449 |\u001b[39m     )\u001b[33m;\u001b[39m\u001b[22m\n\u001b[2m     \u001b[90m 450 |\u001b[39m\u001b[22m\n\u001b[2m    \u001b[31m\u001b[1m>\u001b[22m\u001b[2m\u001b[39m\u001b[90m 451 |\u001b[39m     \u001b[36mconst\u001b[39m pipeline \u001b[33m=\u001b[39m \u001b[36mthis\u001b[39m\u001b[33m.\u001b[39mredis\u001b[33m.\u001b[39mpipeline()\u001b[33m;\u001b[39m\u001b[22m\n\u001b[2m     \u001b[90m     |\u001b[39m                                 \u001b[31m\u001b[1m^\u001b[22m\u001b[2m\u001b[39m\u001b[22m\n\u001b[2m     \u001b[90m 452 |\u001b[39m     pipeline\u001b[33m.\u001b[39mincr(key)\u001b[33m;\u001b[39m\u001b[22m\n\u001b[2m     \u001b[90m 453 |\u001b[39m     \u001b[36mif\u001b[39m (ttlSeconds \u001b[33m>\u001b[39m \u001b[35m0\u001b[39m) {\u001b[22m\n\u001b[2m     \u001b[90m 454 |\u001b[39m       pipeline\u001b[33m.\u001b[39mexpire(key\u001b[33m,\u001b[39m ttlSeconds)\u001b[33m;\u001b[39m\u001b[0m\u001b[22m\n\u001b[2m\u001b[22m\n\u001b[2m      \u001b[2mat TryOnService.incrementDailyRetryCount (\u001b[22m\u001b[2msrc/modules/try-on/try-on.service.ts\u001b[2m:451:33)\u001b[22m\u001b[2m\u001b[22m\n\u001b[2m      \u001b[2mat TryOnService.createTryOnRequest (\u001b[22m\u001b[2msrc/modules/try-on/try-on.service.ts\u001b[2m:208:16)\u001b[22m\u001b[2m\u001b[22m\n\u001b[2m      \u001b[2mat Object.<anonymous> (\u001b[22m\u001b[2m\u001b[0m\u001b[36msrc/modules/try-on/try-on.service.spec.ts\u001b[39m\u001b[0m\u001b[2m:395:7)\u001b[22m\u001b[2m\u001b[22m\n\n\u001b[1m\u001b[31m  \u001b[1m● \u001b[22m\u001b[1mTryOnService › 异步处理测试 › 应该在处理完成后发布完成事件\u001b[39m\u001b[22m\n\n    TypeError: this.redis.pipeline is not a function\n\u001b[2m\u001b[22m\n\u001b[2m    \u001b[0m \u001b[90m 449 |\u001b[39m     )\u001b[33m;\u001b[39m\u001b[22m\n\u001b[2m     \u001b[90m 450 |\u001b[39m\u001b[22m\n\u001b[2m    \u001b[31m\u001b[1m>\u001b[22m\u001b[2m\u001b[39m\u001b[90m 451 |\u001b[39m     \u001b[36mconst\u001b[39m pipeline \u001b[33m=\u001b[39m \u001b[36mthis\u001b[39m\u001b[33m.\u001b[39mredis\u001b[33m.\u001b[39mpipeline()\u001b[33m;\u001b[39m\u001b[22m\n\u001b[2m     \u001b[90m     |\u001b[39m                                 \u001b[31m\u001b[1m^\u001b[22m\u001b[2m\u001b[39m\u001b[22m\n\u001b[2m     \u001b[90m 452 |\u001b[39m     pipeline\u001b[33m.\u001b[39mincr(key)\u001b[33m;\u001b[39m\u001b[22m\n\u001b[2m     \u001b[90m 453 |\u001b[39m     \u001b[36mif\u001b[39m (ttlSeconds \u001b[33m>\u001b[39m \u001b[35m0\u001b[39m) {\u001b[22m\n\u001b[2m     \u001b[90m 454 |\u001b[39m       pipeline\u001b[33m.\u001b[39mexpire(key\u001b[33m,\u001b[39m ttlSeconds)\u001b[33m;\u001b[39m\u001b[0m\u001b[22m\n\u001b[2m\u001b[22m\n\u001b[2m      \u001b[2mat TryOnService.incrementDailyRetryCount (\u001b[22m\u001b[2msrc/modules/try-on/try-on.service.ts\u001b[2m:451:33)\u001b[22m\u001b[2m\u001b[22m\n\u001b[2m      \u001b[2mat TryOnService.createTryOnRequest (\u001b[22m\u001b[2msrc/modules/try-on/try-on.service.ts\u001b[2m:208:16)\u001b[22m\u001b[2m\u001b[22m\n\u001b[2m      \u001b[2mat Object.<anonymous> (\u001b[22m\u001b[2m\u001b[0m\u001b[36msrc/modules/try-on/try-on.service.spec.ts\u001b[39m\u001b[0m\u001b[2m:413:7)\u001b[22m\u001b[2m\u001b[22m\n\n\u001b[1m\u001b[31m  \u001b[1m● \u001b[22m\u001b[1mTryOnService › mapCategory 测试 › 应该正确映射上衣类别\u001b[39m\u001b[22m\n\n    TypeError: this.redis.pipeline is not a function\n\u001b[2m\u001b[22m\n\u001b[2m    \u001b[0m \u001b[90m 449 |\u001b[39m     )\u001b[33m;\u001b[39m\u001b[22m\n\u001b[2m     \u001b[90m 450 |\u001b[39m\u001b[22m\n\u001b[2m    \u001b[31m\u001b[1m>\u001b[22m\u001b[2m\u001b[39m\u001b[90m 451 |\u001b[39m     \u001b[36mconst\u001b[39m pipeline \u001b[33m=\u001b[39m \u001b[36mthis\u001b[39m\u001b[33m.\u001b[39mredis\u001b[33m.\u001b[39mpipeline()\u001b[33m;\u001b[39m\u001b[22m\n\u001b[2m     \u001b[90m     |\u001b[39m                                 \u001b[31m\u001b[1m^\u001b[22m\u001b[2m\u001b[39m\u001b[22m\n\u001b[2m     \u001b[90m 452 |\u001b[39m     pipeline\u001b[33m.\u001b[39mincr(key)\u001b[33m;\u001b[39m\u001b[22m\n\u001b[2m     \u001b[90m 453 |\u001b[39m     \u001b[36mif\u001b[39m (ttlSeconds \u001b[33m>\u001b[39m \u001b[35m0\u001b[39m) {\u001b[22m\n\u001b[2m     \u001b[90m 454 |\u001b[39m       pipeline\u001b[33m.\u001b[39mexpire(key\u001b[33m,\u001b[39m ttlSeconds)\u001b[33m;\u001b[39m\u001b[0m\u001b[22m\n\u001b[2m\u001b[22m\n\u001b[2m      \u001b[2mat TryOnService.incrementDailyRetryCount (\u001b[22m\u001b[2msrc/modules/try-on/try-on.service.ts\u001b[2m:451:33)\u001b[22m\u001b[2m\u001b[22m\n\u001b[2m      \u001b[2mat TryOnService.createTryOnRequest (\u001b[22m\u001b[2msrc/modules/try-on/try-on.service.ts\u001b[2m:208:16)\u001b[22m\u001b[2m\u001b[22m\n\u001b[2m      \u001b[2mat Object.<anonymous> (\u001b[22m\u001b[2m\u001b[0m\u001b[36msrc/modules/try-on/try-on.service.spec.ts\u001b[39m\u001b[0m\u001b[2m:469:7)\u001b[22m\u001b[2m\u001b[22m\n\n\u001b[1m\u001b[31m  \u001b[1m● \u001b[22m\u001b[1mTryOnService › mapCategory 测试 › 应该正确映射下装类别\u001b[39m\u001b[22m\n\n    TypeError: this.redis.pipeline is not a function\n\u001b[2m\u001b[22m\n\u001b[2m    \u001b[0m \u001b[90m 449 |\u001b[39m     )\u001b[33m;\u001b[39m\u001b[22m\n\u001b[2m     \u001b[90m 450 |\u001b[39m\u001b[22m\n\u001b[2m    \u001b[31m\u001b[1m>\u001b[22m\u001b[2m\u001b[39m\u001b[90m 451 |\u001b[39m     \u001b[36mconst\u001b[39m pipeline \u001b[33m=\u001b[39m \u001b[36mthis\u001b[39m\u001b[33m.\u001b[39mredis\u001b[33m.\u001b[39mpipeline()\u001b[33m;\u001b[39m\u001b[22m\n\u001b[2m     \u001b[90m     |\u001b[39m                                 \u001b[31m\u001b[1m^\u001b[22m\u001b[2m\u001b[39m\u001b[22m\n\u001b[2m     \u001b[90m 452 |\u001b[39m     pipeline\u001b[33m.\u001b[39mincr(key)\u001b[33m;\u001b[39m\u001b[22m\n\u001b[2m     \u001b[90m 453 |\u001b[39m     \u001b[36mif\u001b[39m (ttlSeconds \u001b[33m>\u001b[39m \u001b[35m0\u001b[39m) {\u001b[22m\n\u001b[2m     \u001b[90m 454 |\u001b[39m       pipeline\u001b[33m.\u001b[39mexpire(key\u001b[33m,\u001b[39m ttlSeconds)\u001b[33m;\u001b[39m\u001b[0m\u001b[22m\n\u001b[2m\u001b[22m\n\u001b[2m      \u001b[2mat TryOnService.incrementDailyRetryCount (\u001b[22m\u001b[2msrc/modules/try-on/try-on.service.ts\u001b[2m:451:33)\u001b[22m\u001b[2m\u001b[22m\n\u001b[2m      \u001b[2mat TryOnService.createTryOnRequest (\u001b[22m\u001b[2msrc/modules/try-on/try-on.service.ts\u001b[2m:208:16)\u001b[22m\u001b[2m\u001b[22m\n\u001b[2m      \u001b[2mat Object.<anonymous> (\u001b[22m\u001b[2m\u001b[0m\u001b[36msrc/modules/try-on/try-on.service.spec.ts\u001b[39m\u001b[0m\u001b[2m:482:7)\u001b[22m\u001b[2m\u001b[22m\n\n\u001b[1m\u001b[31m  \u001b[1m● \u001b[22m\u001b[1mTryOnService › mapCategory 测试 › 应该正确映射连衣裙类别\u001b[39m\u001b[22m\n\n    TypeError: this.redis.pipeline is not a function\n\u001b[2m\u001b[22m\n\u001b[2m    \u001b[0m \u001b[90m 449 |\u001b[39m     )\u001b[33m;\u001b[39m\u001b[22m\n\u001b[2m     \u001b[90m 450 |\u001b[39m\u001b[22m\n\u001b[2m    \u001b[31m\u001b[1m>\u001b[22m\u001b[2m\u001b[39m\u001b[90m 451 |\u001b[39m     \u001b[36mconst\u001b[39m pipeline \u001b[33m=\u001b[39m \u001b[36mthis\u001b[39m\u001b[33m.\u001b[39mredis\u001b[33m.\u001b[39mpipeline()\u001b[33m;\u001b[39m\u001b[22m\n\u001b[2m     \u001b[90m     |\u001b[39m                                 \u001b[31m\u001b[1m^\u001b[22m\u001b[2m\u001b[39m\u001b[22m\n\u001b[2m     \u001b[90m 452 |\u001b[39m     pipeline\u001b[33m.\u001b[39mincr(key)\u001b[33m;\u001b[39m\u001b[22m\n\u001b[2m     \u001b[90m 453 |\u001b[39m     \u001b[36mif\u001b[39m (ttlSeconds \u001b[33m>\u001b[39m \u001b[35m0\u001b[39m) {\u001b[22m\n\u001b[2m     \u001b[90m 454 |\u001b[39m       pipeline\u001b[33m.\u001b[39mexpire(key\u001b[33m,\u001b[39m ttlSeconds)\u001b[33m;\u001b[39m\u001b[0m\u001b[22m\n\u001b[2m\u001b[22m\n\u001b[2m      \u001b[2mat TryOnService.incrementDailyRetryCount (\u001b[22m\u001b[2msrc/modules/try-on/try-on.service.ts\u001b[2m:451:33)\u001b[22m\u001b[2m\u001b[22m\n\u001b[2m      \u001b[2mat TryOnService.createTryOnRequest (\u001b[22m\u001b[2msrc/modules/try-on/try-on.service.ts\u001b[2m:208:16)\u001b[22m\u001b[2m\u001b[22m\n\u001b[2m      \u001b[2mat Object.<anonymous> (\u001b[22m\u001b[2m\u001b[0m\u001b[36msrc/modules/try-on/try-on.service.spec.ts\u001b[39m\u001b[0m\u001b[2m:494:7)\u001b[22m\u001b[2m\u001b[22m\n\n\u001b[1m\u001b[31m  \u001b[1m● \u001b[22m\u001b[1mTryOnService › mapCategory 测试 › 应该正确映射连体衣类别\u001b[39m\u001b[22m\n\n    TypeError: this.redis.pipeline is not a function\n\u001b[2m\u001b[22m\n\u001b[2m    \u001b[0m \u001b[90m 449 |\u001b[39m     )\u001b[33m;\u001b[39m\u001b[22m\n\u001b[2m     \u001b[90m 450 |\u001b[39m\u001b[22m\n\u001b[2m    \u001b[31m\u001b[1m>\u001b[22m\u001b[2m\u001b[39m\u001b[90m 451 |\u001b[39m     \u001b[36mconst\u001b[39m pipeline \u001b[33m=\u001b[39m \u001b[36mthis\u001b[39m\u001b[33m.\u001b[39mredis\u001b[33m.\u001b[39mpipeline()\u001b[33m;\u001b[39m\u001b[22m\n\u001b[2m     \u001b[90m     |\u001b[39m                                 \u001b[31m\u001b[1m^\u001b[22m\u001b[2m\u001b[39m\u001b[22m\n\u001b[2m     \u001b[90m 452 |\u001b[39m     pipeline\u001b[33m.\u001b[39mincr(key)\u001b[33m;\u001b[39m\u001b[22m\n\u001b[2m     \u001b[90m 453 |\u001b[39m     \u001b[36mif\u001b[39m (ttlSeconds \u001b[33m>\u001b[39m \u001b[35m0\u001b[39m) {\u001b[22m\n\u001b[2m     \u001b[90m 454 |\u001b[39m       pipeline\u001b[33m.\u001b[39mexpire(key\u001b[33m,\u001b[39m ttlSeconds)\u001b[33m;\u001b[39m\u001b[0m\u001b[22m\n\u001b[2m\u001b[22m\n\u001b[2m      \u001b[2mat TryOnService.incrementDailyRetryCount (\u001b[22m\u001b[2msrc/modules/try-on/try-on.service.ts\u001b[2m:451:33)\u001b[22m\u001b[2m\u001b[22m\n\u001b[2m      \u001b[2mat TryOnService.createTryOnRequest (\u001b[22m\u001b[2msrc/modules/try-on/try-on.service.ts\u001b[2m:208:16)\u001b[22m\u001b[2m\u001b[22m\n\u001b[2m      \u001b[2mat Object.<anonymous> (\u001b[22m\u001b[2m\u001b[0m\u001b[36msrc/modules/try-on/try-on.service.spec.ts\u001b[39m\u001b[0m\u001b[2m:506:7)\u001b[22m\u001b[2m\u001b[22m\n\n\u001b[1m\u001b[31m  \u001b[1m● \u001b[22m\u001b[1mTryOnService › mapCategory 测试 › 应该对未知类别使用默认值\u001b[39m\u001b[22m\n\n    TypeError: this.redis.pipeline is not a function\n\u001b[2m\u001b[22m\n\u001b[2m    \u001b[0m \u001b[90m 449 |\u001b[39m     )\u001b[33m;\u001b[39m\u001b[22m\n\u001b[2m     \u001b[90m 450 |\u001b[39m\u001b[22m\n\u001b[2m    \u001b[31m\u001b[1m>\u001b[22m\u001b[2m\u001b[39m\u001b[90m 451 |\u001b[39m     \u001b[36mconst\u001b[39m pipeline \u001b[33m=\u001b[39m \u001b[36mthis\u001b[39m\u001b[33m.\u001b[39mredis\u001b[33m.\u001b[39mpipeline()\u001b[33m;\u001b[39m\u001b[22m\n\u001b[2m     \u001b[90m     |\u001b[39m                                 \u001b[31m\u001b[1m^\u001b[22m\u001b[2m\u001b[39m\u001b[22m\n\u001b[2m     \u001b[90m 452 |\u001b[39m     pipeline\u001b[33m.\u001b[39mincr(key)\u001b[33m;\u001b[39m\u001b[22m\n\u001b[2m     \u001b[90m 453 |\u001b[39m     \u001b[36mif\u001b[39m (ttlSeconds \u001b[33m>\u001b[39m \u001b[35m0\u001b[39m) {\u001b[22m\n\u001b[2m     \u001b[90m 454 |\u001b[39m       pipeline\u001b[33m.\u001b[39mexpire(key\u001b[33m,\u001b[39m ttlSeconds)\u001b[33m;\u001b[39m\u001b[0m\u001b[22m\n\u001b[2m\u001b[22m\n\u001b[2m      \u001b[2mat TryOnService.incrementDailyRetryCount (\u001b[22m\u001b[2msrc/modules/try-on/try-on.service.ts\u001b[2m:451:33)\u001b[22m\u001b[2m\u001b[22m\n\u001b[2m      \u001b[2mat TryOnService.createTryOnRequest (\u001b[22m\u001b[2msrc/modules/try-on/try-on.service.ts\u001b[2m:208:16)\u001b[22m\u001b[2m\u001b[22m\n\u001b[2m      \u001b[2mat Object.<anonymous> (\u001b[22m\u001b[2m\u001b[0m\u001b[36msrc/modules/try-on/try-on.service.spec.ts\u001b[39m\u001b[0m\u001b[2m:518:7)\u001b[22m\u001b[2m\u001b[22m\n\n\u001b[1m\u001b[31m  \u001b[1m● \u001b[22m\u001b[1mTryOnService › 边界情况测试 › 应该处理大写类别名称\u001b[39m\u001b[22m\n\n    TypeError: this.redis.pipeline is not a function\n\u001b[2m\u001b[22m\n\u001b[2m    \u001b[0m \u001b[90m 449 |\u001b[39m     )\u001b[33m;\u001b[39m\u001b[22m\n\u001b[2m     \u001b[90m 450 |\u001b[39m\u001b[22m\n\u001b[2m    \u001b[31m\u001b[1m>\u001b[22m\u001b[2m\u001b[39m\u001b[90m 451 |\u001b[39m     \u001b[36mconst\u001b[39m pipeline \u001b[33m=\u001b[39m \u001b[36mthis\u001b[39m\u001b[33m.\u001b[39mredis\u001b[33m.\u001b[39mpipeline()\u001b[33m;\u001b[39m\u001b[22m\n\u001b[2m     \u001b[90m     |\u001b[39m                                 \u001b[31m\u001b[1m^\u001b[22m\u001b[2m\u001b[39m\u001b[22m\n\u001b[2m     \u001b[90m 452 |\u001b[39m     pipeline\u001b[33m.\u001b[39mincr(key)\u001b[33m;\u001b[39m\u001b[22m\n\u001b[2m     \u001b[90m 453 |\u001b[39m     \u001b[36mif\u001b[39m (ttlSeconds \u001b[33m>\u001b[39m \u001b[35m0\u001b[39m) {\u001b[22m\n\u001b[2m     \u001b[90m 454 |\u001b[39m       pipeline\u001b[33m.\u001b[39mexpire(key\u001b[33m,\u001b[39m ttlSeconds)\u001b[33m;\u001b[39m\u001b[0m\u001b[22m\n\u001b[2m\u001b[22m\n\u001b[2m      \u001b[2mat TryOnService.incrementDailyRetryCount (\u001b[22m\u001b[2msrc/modules/try-on/try-on.service.ts\u001b[2m:451:33)\u001b[22m\u001b[2m\u001b[22m\n\u001b[2m      \u001b[2mat TryOnService.createTryOnRequest (\u001b[22m\u001b[2msrc/modules/try-on/try-on.service.ts\u001b[2m:208:16)\u001b[22m\u001b[2m\u001b[22m\n\u001b[2m      \u001b[2mat Object.<anonymous> (\u001b[22m\u001b[2m\u001b[0m\u001b[36msrc/modules/try-on/try-on.service.spec.ts\u001b[39m\u001b[0m\u001b[2m:587:7)\u001b[22m\u001b[2m\u001b[22m\n\n\u001b[1m\u001b[31m  \u001b[1m● \u001b[22m\u001b[1mTryOnService › 边界情况测试 › 应该处理空类别\u001b[39m\u001b[22m\n\n    TypeError: this.redis.pipeline is not a function\n\u001b[2m\u001b[22m\n\u001b[2m    \u001b[0m \u001b[90m 449 |\u001b[39m     )\u001b[33m;\u001b[39m\u001b[22m\n\u001b[2m     \u001b[90m 450 |\u001b[39m\u001b[22m\n\u001b[2m    \u001b[31m\u001b[1m>\u001b[22m\u001b[2m\u001b[39m\u001b[90m 451 |\u001b[39m     \u001b[36mconst\u001b[39m pipeline \u001b[33m=\u001b[39m \u001b[36mthis\u001b[39m\u001b[33m.\u001b[39mredis\u001b[33m.\u001b[39mpipeline()\u001b[33m;\u001b[39m\u001b[22m\n\u001b[2m     \u001b[90m     |\u001b[39m                                 \u001b[31m\u001b[1m^\u001b[22m\u001b[2m\u001b[39m\u001b[22m\n\u001b[2m     \u001b[90m 452 |\u001b[39m     pipeline\u001b[33m.\u001b[39mincr(key)\u001b[33m;\u001b[39m\u001b[22m\n\u001b[2m     \u001b[90m 453 |\u001b[39m     \u001b[36mif\u001b[39m (ttlSeconds \u001b[33m>\u001b[39m \u001b[35m0\u001b[39m) {\u001b[22m\n\u001b[2m     \u001b[90m 454 |\u001b[39m       pipeline\u001b[33m.\u001b[39mexpire(key\u001b[33m,\u001b[39m ttlSeconds)\u001b[33m;\u001b[39m\u001b[0m\u001b[22m\n\u001b[2m\u001b[22m\n\u001b[2m      \u001b[2mat TryOnService.incrementDailyRetryCount (\u001b[22m\u001b[2msrc/modules/try-on/try-on.service.ts\u001b[2m:451:33)\u001b[22m\u001b[2m\u001b[22m\n\u001b[2m      \u001b[2mat TryOnService.createTryOnRequest (\u001b[22m\u001b[2msrc/modules/try-on/try-on.service.ts\u001b[2m:208:16)\u001b[22m\u001b[2m\u001b[22m\n\u001b[2m      \u001b[2mat Object.<anonymous> (\u001b[22m\u001b[2m\u001b[0m\u001b[36msrc/modules/try-on/try-on.service.spec.ts\u001b[39m\u001b[0m\u001b[2m:599:7)\u001b[22m\u001b[2m\u001b[22m\n\n\u001b[1m\u001b[31m  \u001b[1m● \u001b[22m\u001b[1mTryOnService › 边界情况测试 › 应该处理 Redis 发布失败\u001b[39m\u001b[22m\n\n    \u001b[2mexpect(\u001b[22m\u001b[31mreceived\u001b[39m\u001b[2m).\u001b[22mresolves\u001b[2m.\u001b[22mtoBeDefined\u001b[2m()\u001b[22m\n\n    Received promise rejected instead of resolved\n    Rejected to value: \u001b[31m[TypeError: this.redis.pipeline is not a function]\u001b[39m\n\u001b[2m\u001b[22m\n\u001b[2m    \u001b[0m \u001b[90m 612 |\u001b[39m\u001b[22m\n\u001b[2m     \u001b[90m 613 |\u001b[39m       \u001b[90m// 不应该抛出异常，只是记录警告\u001b[39m\u001b[22m\n\u001b[2m    \u001b[31m\u001b[1m>\u001b[22m\u001b[2m\u001b[39m\u001b[90m 614 |\u001b[39m       \u001b[36mawait\u001b[39m expect(\u001b[22m\n\u001b[2m     \u001b[90m     |\u001b[39m             \u001b[31m\u001b[1m^\u001b[22m\u001b[2m\u001b[39m\u001b[22m\n\u001b[2m     \u001b[90m 615 |\u001b[39m         service\u001b[33m.\u001b[39mcreateTryOnRequest(\u001b[32m\"test-user-id\"\u001b[39m\u001b[33m,\u001b[39m \u001b[32m\"photo-id\"\u001b[39m\u001b[33m,\u001b[39m \u001b[32m\"item-id\"\u001b[39m)\u001b[33m,\u001b[39m\u001b[22m\n\u001b[2m     \u001b[90m 616 |\u001b[39m       )\u001b[33m.\u001b[39mresolves\u001b[33m.\u001b[39mtoBeDefined()\u001b[33m;\u001b[39m\u001b[22m\n\u001b[2m     \u001b[90m 617 |\u001b[39m     })\u001b[33m;\u001b[39m\u001b[0m\u001b[22m\n\u001b[2m\u001b[22m\n\u001b[2m      \u001b[2mat expect (\u001b[22m\u001b[2m../../node_modules/@jest/expect/node_modules/expect/build/index.js\u001b[2m:113:15)\u001b[22m\u001b[2m\u001b[22m\n\u001b[2m      \u001b[2mat Object.<anonymous> (\u001b[22m\u001b[2m\u001b[0m\u001b[36msrc/modules/try-on/try-on.service.spec.ts\u001b[39m\u001b[0m\u001b[2m:614:13)\u001b[22m\u001b[2m\u001b[22m\n","name":"C:\\AiNeed\\apps\\backend\\src\\modules\\try-on\\try-on.service.spec.ts","startTime":1776115935637,"status":"failed","summary":""},{"assertionResults":[{"ancestorTitles":["AiStylistService"],"duration":157,"failureDetails":[],"failureMessages":[],"fullName":"AiStylistService creates a session with structured next action","invocations":1,"location":null,"numPassingAsserts":5,"retryReasons":[],"status":"passed","title":"creates a session with structured next action"},{"ancestorTitles":["AiStylistService"],"duration":37,"failureDetails":[],"failureMessages":[],"fullName":"AiStylistService turns scene and style messages into a photo request when precision is needed","invocations":1,"location":null,"numPassingAsserts":3,"retryReasons":[],"status":"passed","title":"turns scene and style messages into a photo request when precision is needed"},{"ancestorTitles":["AiStylistService"],"duration":2,"failureDetails":[],"failureMessages":[],"fullName":"AiStylistService uploads a stylist photo and returns polling action","invocations":1,"location":null,"numPassingAsserts":3,"retryReasons":[],"status":"passed","title":"uploads a stylist photo and returns polling action"},{"ancestorTitles":["AiStylistService"],"duration":10,"failureDetails":[],"failureMessages":[],"fullName":"AiStylistService restores a persisted session when in-memory cache is empty","invocations":1,"location":null,"numPassingAsserts":3,"retryReasons":[],"status":"passed","title":"restores a persisted session when in-memory cache is empty"},{"ancestorTitles":["AiStylistService"],"duration":8,"failureDetails":[],"failureMessages":[],"fullName":"AiStylistService resolves an outfit using fallback recommendations when ML items are empty","invocations":1,"location":null,"numPassingAsserts":4,"retryReasons":[],"status":"passed","title":"resolves an outfit using fallback recommendations when ML items are empty"},{"ancestorTitles":["AiStylistService","chat 方法测试"],"duration":2,"failureDetails":[],"failureMessages":[],"fullName":"AiStylistService chat 方法测试 应该处理无会话的聊天请求","invocations":1,"location":null,"numPassingAsserts":2,"retryReasons":[],"status":"passed","title":"应该处理无会话的聊天请求"},{"ancestorTitles":["AiStylistService","chat 方法测试"],"duration":3,"failureDetails":[],"failureMessages":[],"fullName":"AiStylistService chat 方法测试 应该拒绝空消息","invocations":1,"location":null,"numPassingAsserts":2,"retryReasons":[],"status":"passed","title":"应该拒绝空消息"},{"ancestorTitles":["AiStylistService","chat 方法测试"],"duration":8,"failureDetails":[],"failureMessages":[],"fullName":"AiStylistService chat 方法测试 应该拒绝只包含空格的消息","invocations":1,"location":null,"numPassingAsserts":2,"retryReasons":[],"status":"passed","title":"应该拒绝只包含空格的消息"},{"ancestorTitles":["AiStylistService","chat 方法测试"],"duration":2,"failureDetails":[],"failureMessages":[],"fullName":"AiStylistService chat 方法测试 应该处理包含对话历史的聊天","invocations":1,"location":null,"numPassingAsserts":1,"retryReasons":[],"status":"passed","title":"应该处理包含对话历史的聊天"},{"ancestorTitles":["AiStylistService","chat 方法测试"],"duration":16,"failureDetails":[],"failureMessages":[],"fullName":"AiStylistService chat 方法测试 应该截断过长的消息","invocations":1,"location":null,"numPassingAsserts":1,"retryReasons":[],"status":"passed","title":"应该截断过长的消息"},{"ancestorTitles":["AiStylistService","listSessions 测试"],"duration":3,"failureDetails":[],"failureMessages":[],"fullName":"AiStylistService listSessions 测试 应该返回用户的会话列表","invocations":1,"location":null,"numPassingAsserts":1,"retryReasons":[],"status":"passed","title":"应该返回用户的会话列表"},{"ancestorTitles":["AiStylistService","listSessions 测试"],"duration":1,"failureDetails":[],"failureMessages":[],"fullName":"AiStylistService listSessions 测试 应该支持分页","invocations":1,"location":null,"numPassingAsserts":1,"retryReasons":[],"status":"passed","title":"应该支持分页"},{"ancestorTitles":["AiStylistService","deleteSession 测试"],"duration":1,"failureDetails":[],"failureMessages":[],"fullName":"AiStylistService deleteSession 测试 应该成功删除会话","invocations":1,"location":null,"numPassingAsserts":1,"retryReasons":[],"status":"passed","title":"应该成功删除会话"},{"ancestorTitles":["AiStylistService","submitFeedback 测试"],"duration":2,"failureDetails":[],"failureMessages":[],"fullName":"AiStylistService submitFeedback 测试 应该成功提交喜欢反馈","invocations":1,"location":null,"numPassingAsserts":2,"retryReasons":[],"status":"passe
[...]
~~\u001b[0m\n    \u001b[96msrc/modules/style-quiz/style-quiz.service.spec.ts\u001b[0m:\u001b[93m182\u001b[0m:\u001b[93m7\u001b[0m - \u001b[91merror\u001b[0m\u001b[90m TS18046: \u001b[0m'mockPrismaService.quizAnswer' is of type 'unknown'.\n\n    \u001b[7m182\u001b[0m       mockPrismaService.quizAnswer.findFirst.mockResolvedValue(null);\n    \u001b[7m   \u001b[0m \u001b[91m      ~~~~~~~~~~~~~~~~~~~~~~~~~~~~\u001b[0m\n    \u001b[96msrc/modules/style-quiz/style-quiz.service.spec.ts\u001b[0m:\u001b[93m183\u001b[0m:\u001b[93m7\u001b[0m - \u001b[91merror\u001b[0m\u001b[90m TS18046: \u001b[0m'mockPrismaService.quizAnswer' is of type 'unknown'.\n\n    \u001b[7m183\u001b[0m       mockPrismaService.quizAnswer.create.mockResolvedValue(mockAnswer);\n    \u001b[7m   \u001b[0m \u001b[91m      ~~~~~~~~~~~~~~~~~~~~~~~~~~~~\u001b[0m\n    \u001b[96msrc/modules/style-quiz/style-quiz.service.spec.ts\u001b[0m:\u001b[93m187\u001b[0m:\u001b[93m14\u001b[0m - \u001b[91merror\u001b[0m\u001b[90m TS18046: \u001b[0m'mockPrismaService.quizAnswer' is of type 'unknown'.\n\n    \u001b[7m187\u001b[0m       expect(mockPrismaService.quizAnswer.create).toHaveBeenCalledWith({\n    \u001b[7m   \u001b[0m \u001b[91m             ~~~~~~~~~~~~~~~~~~~~~~~~~~~~\u001b[0m\n    \u001b[96msrc/modules/style-quiz/style-quiz.service.spec.ts\u001b[0m:\u001b[93m198\u001b[0m:\u001b[93m7\u001b[0m - \u001b[91merror\u001b[0m\u001b[90m TS18046: \u001b[0m'mockPrismaService.quizQuestion' is of type 'unknown'.\n\n    \u001b[7m198\u001b[0m       mockPrismaService.quizQuestion.findUnique.mockResolvedValue(mockQuestion);\n    \u001b[7m   \u001b[0m \u001b[91m      ~~~~~~~~~~~~~~~~~~~~~~~~~~~~~~\u001b[0m\n    \u001b[96msrc/modules/style-quiz/style-quiz.service.spec.ts\u001b[0m:\u001b[93m199\u001b[0m:\u001b[93m7\u001b[0m - \u001b[91merror\u001b[0m\u001b[90m TS18046: \u001b[0m'mockPrismaService.quizAnswer' is of type 'unknown'.\n\n    \u001b[7m199\u001b[0m       mockPrismaService.quizAnswer.findFirst.mockResolvedValue(null);\n    \u001b[7m   \u001b[0m \u001b[91m      ~~~~~~~~~~~~~~~~~~~~~~~~~~~~\u001b[0m\n    \u001b[96msrc/modules/style-quiz/style-quiz.service.spec.ts\u001b[0m:\u001b[93m200\u001b[0m:\u001b[93m7\u001b[0m - \u001b[91merror\u001b[0m\u001b[90m TS18046: \u001b[0m'mockPrismaService.quizAnswer' is of type 'unknown'.\n\n    \u001b[7m200\u001b[0m       mockPrismaService.quizAnswer.create.mockResolvedValue({\n    \u001b[7m   \u001b[0m \u001b[91m      ~~~~~~~~~~~~~~~~~~~~~~~~~~~~\u001b[0m\n    \u001b[96msrc/modules/style-quiz/style-quiz.service.spec.ts\u001b[0m:\u001b[93m207\u001b[0m:\u001b[93m14\u001b[0m - \u001b[91merror\u001b[0m\u001b[90m TS18046: \u001b[0m'mockPrismaService.quizAnswer' is of type 'unknown'.\n\n    \u001b[7m207\u001b[0m       expect(mockPrismaService.quizAnswer.create).toHaveBeenCalledWith({\n    \u001b[7m   \u001b[0m \u001b[91m             ~~~~~~~~~~~~~~~~~~~~~~~~~~~~\u001b[0m\n    \u001b[96msrc/modules/style-quiz/style-quiz.service.spec.ts\u001b[0m:\u001b[93m219\u001b[0m:\u001b[93m7\u001b[0m - \u001b[91merror\u001b[0m\u001b[90m TS18046: \u001b[0m'mockPrismaService.quizQuestion' is of type 'unknown'.\n\n    \u001b[7m219\u001b[0m       mockPrismaService.quizQuestion.findUnique.mockResolvedValue(null);\n    \u001b[7m   \u001b[0m \u001b[91m      ~~~~~~~~~~~~~~~~~~~~~~~~~~~~~~\u001b[0m\n    \u001b[96msrc/modules/style-quiz/style-quiz.service.spec.ts\u001b[0m:\u001b[93m235\u001b[0m:\u001b[93m7\u001b[0m - \u001b[91merror\u001b[0m\u001b[90m TS18046: \u001b[0m'mockPrismaService.quizQuestion' is of type 'unknown'.\n\n    \u001b[7m235\u001b[0m       mockPrismaService.quizQuestion.findUnique.mockResolvedValue(mockQuestion);\n    \u001b[7m   \u001b[0m \u001b[91m      ~~~~~~~~~~~~~~~~~~~~~~~~~~~~~~\u001b[0m\n    \u001b[96msrc/modules/style-quiz/style-quiz.service.spec.ts\u001b[0m:\u001b[93m236\u001b[0m:\u001b[93m7\u001b[0m - \u001b[91merror\u001b[0m\u001b[90m TS18046: \u001b[0m'mockPrismaService.quizAnswer' is of type 'unknown'.\n\n    \u001b[7m236\u001b[0m       mockPrismaService.quizAnswer.findFirst.mockResolvedValue(existingAnswer);\n    \u001b[7m   \u001b[0m \u001b[91m      ~~~~~~~~~~~~~~~~~~~~~~~~~~~~\u001b[0m\n    \u001b[96msrc/modules/style-quiz/style-quiz.service.spec.ts\u001b[0m:\u001b[93m237\u001b[0m:\u001b[93m7\u001b[0m - \u001b[91merror\u001b[0m\u001b[90m TS18046: \u001b[0m'mockPrismaService.quizAnswer' is of type 'unknown'.\n\n    \u001b[7m237\u001b[0m       mockPrismaService.quizAnswer.update.mockResolvedValue({\n    \u001b[7m   \u001b[0m \u001b[91m      ~~~~~~~~~~~~~~~~~~~~~~~~~~~~\u001b[0m\n    \u001b[96msrc/modules/style-quiz/style-quiz.service.spec.ts\u001b[0m:\u001b[93m245\u001b[0m:\u001b[93m14\u001b[0m - \u001b[91merror\u001b[0m\u001b[90m TS18046: \u001b[0m'mockPrismaService.quizAnswer' is of type 'unknown'.\n\n    \u001b[7m245\u001b[0m       expect(mockPrismaService.quizAnswer.update).toHaveBeenCalledWith({\n    \u001b[7m   \u001b[0m \u001b[91m             ~~~~~~~~~~~~~~~~~~~~~~~~~~~~\u001b[0m\n    \u001b[96msrc/modules/style-quiz/style-quiz.service.spec.ts\u001b[0m:\u001b[93m252\u001b[0m:\u001b[93m14\u001b[0m - \u001b[91merror\u001b[0m\u001b[90m TS18046: \u001b[0m'mockPrismaService.quizAnswer' is of type 'unknown'.\n\n    \u001b[7m252\u001b[0m       expect(mockPrismaService.quizAnswer.create).not.toHaveBeenCalled();\n    \u001b[7m   \u001b[0m \u001b[91m             ~~~~~~~~~~~~~~~~~~~~~~~~~~~~\u001b[0m\n    \u001b[96msrc/modules/style-quiz/style-quiz.service.spec.ts\u001b[0m:\u001b[93m296\u001b[0m:\u001b[93m7\u001b[0m - \u001b[91merror\u001b[0m\u001b[90m TS18046: \u001b[0m'mockPrismaService.styleQuiz' is of type 'unknown'.\n\n    \u001b[7m296\u001b[0m       mockPrismaService.styleQuiz.findUnique.mockResolvedValue(mockQuiz);\n    \u001b[7m   \u001b[0m \u001b[91m      ~~~~~~~~~~~~~~~~~~~~~~~~~~~\u001b[0m\n    \u001b[96msrc/modules/style-quiz/style-quiz.service.spec.ts\u001b[0m:\u001b[93m297\u001b[0m:\u001b[93m7\u001b[0m - \u001b[91merror\u001b[0m\u001b[90m TS18046: \u001b[0m'mockPrismaService.quizAnswer' is of type 'unknown'.\n\n    \u001b[7m297\u001b[0m       mockPrismaService.quizAnswer.findMany.mockResolvedValue(mockAnswers);\n    \u001b[7m   \u001b[0m \u001b[91m      ~~~~~~~~~~~~~~~~~~~~~~~~~~~~\u001b[0m\n    \u001b[96msrc/modules/style-quiz/style-quiz.service.spec.ts\u001b[0m:\u001b[93m298\u001b[0m:\u001b[93m7\u001b[0m - \u001b[91merror\u001b[0m\u001b[90m TS18046: \u001b[0m'mockPrismaService.styleQuizResult' is of type 'unknown'.\n\n    \u001b[7m298\u001b[0m       mockPrismaService.styleQuizResult.updateMany.mockResolvedValue({ count: 0 });\n    \u001b[7m   \u001b[0m \u001b[91m      ~~~~~~~~~~~~~~~~~~~~~~~~~~~~~~~~~\u001b[0m\n    \u001b[96msrc/modules/style-quiz/style-quiz.service.spec.ts\u001b[0m:\u001b[93m299\u001b[0m:\u001b[93m7\u001b[0m - \u001b[91merror\u001b[0m\u001b[90m TS18046: \u001b[0m'mockPrismaService.styleQuizResult' is of type 'unknown'.\n\n    \u001b[7m299\u001b[0m       mockPrismaService.styleQuizResult.create.mockResolvedValue(mockResult);\n    \u001b[7m   \u001b[0m \u001b[91m      ~~~~~~~~~~~~~~~~~~~~~~~~~~~~~~~~~\u001b[0m\n    \u001b[96msrc/modules/style-quiz/style-quiz.service.spec.ts\u001b[0m:\u001b[93m303\u001b[0m:\u001b[93m14\u001b[0m - \u001b[91merror\u001b[0m\u001b[90m TS18046: \u001b[0m'mockPrismaService.styleQuizResult' is of type 'unknown'.\n\n    \u001b[7m303\u001b[0m       expect(mockPrismaService.styleQuizResult.create).toHaveBeenCalledWith(\n    \u001b[7m   \u001b[0m \u001b[91m             ~~~~~~~~~~~~~~~~~~~~~~~~~~~~~~~~~\u001b[0m\n    \u001b[96msrc/modules/style-quiz/style-quiz.service.spec.ts\u001b[0m:\u001b[93m316\u001b[0m:\u001b[93m7\u001b[0m - \u001b[91merror\u001b[0m\u001b[90m TS18046: \u001b[0m'mockPrismaService.styleQuiz' is of type 'unknown'.\n\n    \u001b[7m316\u001b[0m       mockPrismaService.styleQuiz.findUnique.mockResolvedValue(mockQuiz);\n    \u001b[7m   \u001b[0m \u001b[91m      ~~~~~~~~~~~~~~~~~~~~~~~~~~~\u001b[0m\n    \u001b[96msrc/modules/style-quiz/style-quiz.service.spec.ts\u001b[0m:\u001b[93m317\u001b[0m:\u001b[93m7\u001b[0m - \u001b[91merror\u001b[0m\u001b[90m TS18046: \u001b[0m'mockPrismaService.quizAnswer' is of type 'unknown'.\n\n    \u001b[7m317\u001b[0m       mockPrismaService.quizAnswer.findMany.mockResolvedValue(mockAnswers);\n    \u001b[7m   \u001b[0m \u001b[91m      ~~~~~~~~~~~~~~~~~~~~~~~~~~~~\u001b[0m\n    \u001b[96msrc/modules/style-quiz/style-quiz.service.spec.ts\u001b[0m:\u001b[93m318\u001b[0m:\u001b[93m7\u001b[0m - \u001b[91merror\u001b[0m\u001b[90m TS18046: \u001b[0m'mockPrismaService.styleQuizResult' is of type 'unknown'.\n\n    \u001b[7m318\u001b[0m       mockPrismaService.styleQuizResult.updateMany.mockResolvedValue({ count: 0 });\n    \u001b[7m   \u001b[0m \u001b[91m      ~~~~~~~~~~~~~~~~~~~~~~~~~~~~~~~~~\u001b[0m\n    \u001b[96msrc/modules/style-quiz/style-quiz.service.spec.ts\u001b[0m:\u001b[93m319\u001b[0m:\u001b[93m7\u001b[0m - \u001b[91merror\u001b[0m\u001b[90m TS18046: \u001b[0m'mockPrismaService.styleQuizResult' is of type 'unknown'.\n\n    \u001b[7m319\u001b[0m       mockPrismaService.styleQuizResult.create.mockResolvedValue(mockResult);\n    \u001b[7m   \u001b[0m \u001b[91m      ~~~~~~~~~~~~~~~~~~~~~~~~~~~~~~~~~\u001b[0m\n    \u001b[96msrc/modules/style-quiz/style-quiz.service.spec.ts\u001b[0m:\u001b[93m328\u001b[0m:\u001b[93m7\u001b[0m - \u001b[91merror\u001b[0m\u001b[90m TS18046: \u001b[0m'mockPrismaService.styleQuiz' is of type 'unknown'.\n\n    \u001b[7m328\u001b[0m       mockPrismaService.styleQuiz.findUnique.mockResolvedValue(mockQuiz);\n    \u001b[7m   \u001b[0m \u001b[91m      ~~~~~~~~~~~~~~~~~~~~~~~~~~~\u001b[0m\n    \u001b[96msrc/modules/style-quiz/style-quiz.service.spec.ts\u001b[0m:\u001b[93m329\u001b[0m:\u001b[93m7\u001b[0m - \u001b[91merror\u001b[0m\u001b[90m TS18046: \u001b[0m'mockPrismaService.quizAnswer' is of type 'unknown'.\n\n    \u001b[7m329\u001b[0m       mockPrismaService.quizAnswer.findMany.mockResolvedValue(mockAnswers);\n    \u001b[7m   \u001b[0m \u001b[91m      ~~~~~~~~~~~~~~~~~~~~~~~~~~~~\u001b[0m\n    \u001b[96msrc/modules/style-quiz/style-quiz.service.spec.ts\u001b[0m:\u001b[93m330\u001b[0m:\u001b[93m7\u001b[0m - \u001b[91merror\u001b[0m\u001b[90m TS18046: \u001b[0m'mockPrismaService.styleQuizResult' is of type 'unknown'.\n\n    \u001b[7m330\u001b[0m       mockPrismaService.styleQuizResult.updateMany.mockResolvedValue({ count: 1 });\n    \u001b[7m   \u001b[0m \u001b[91m      ~~~~~~~~~~~~~~~~~~~~~~~~~~~~~~~~~\u001b[0m\n    \u001b[96msrc/modules/style-quiz/style-quiz.service.spec.ts\u001b[0m:\u001b[93m331\u001b[0m:\u001b[93m7\u001b[0m - \u001b[91merror\u001b[0m\u001b[90m TS18046: \u001b[0m'mockPrismaService.styleQuizResult' is of type 'unknown'.\n\n    \u001b[7m331\u001b[0m       mockPrismaService.styleQuizResult.create.mockResolvedValue(mockResult);\n    \u001b[7m   \u001b[0m \u001b[91m      ~~~~~~~~~~~~~~~~~~~~~~~~~~~~~~~~~\u001b[0m\n    \u001b[96msrc/modules/style-quiz/style-quiz.service.spec.ts\u001b[0m:\u001b[93m335\u001b[0m:\u001b[93m14\u001b[0m - \u001b[91merror\u001b[0m\u001b[90m TS18046: \u001b[0m'mockPrismaService.styleQuizResult' is of type 'unknown'.\n\n    \u001b[7m335\u001b[0m       expect(mockPrismaService.styleQuizResult.updateMany).toHaveBeenCalledWith({\n    \u001b[7m   \u001b[0m \u001b[91m             ~~~~~~~~~~~~~~~~~~~~~~~~~~~~~~~~~\u001b[0m\n    \u001b[96msrc/modules/style-quiz/style-quiz.service.spec.ts\u001b[0m:\u001b[93m342\u001b[0m:\u001b[93m7\u001b[0m - \u001b[91merror\u001b[0m\u001b[90m TS18046: \u001b[0m'mockPrismaService.styleQuiz' is of type 'unknown'.\n\n    \u001b[7m342\u001b[0m       mockPrismaService.styleQuiz.findUnique.mockResolvedValue(mockQuiz);\n    \u001b[7m   \u001b[0m \u001b[91m      ~~~~~~~~~~~~~~~~~~~~~~~~~~~\u001b[0m\n    \u001b[96msrc/modules/style-quiz/style-quiz.service.spec.ts\u001b[0m:\u001b[93m343\u001b[0m:\u001b[93m7\u001b[0m - \u001b[91merror\u001b[0m\u001b[90m TS18046: \u001b[0m'mockPrismaService.quizAnswer' is of type 'unknown'.\n\n    \u001b[7m343\u001b[0m       mockPrismaService.quizAnswer.findMany.mockResolvedValue([]);\n    \u001b[7m   \u001b[0m \u001b[91m      ~~~~~~~~~~~~~~~~~~~~~~~~~~~~\u001b[0m\n    \u001b[96msrc/modules/style-quiz/style-quiz.service.spec.ts\u001b[0m:\u001b[93m351\u001b[0m:\u001b[93m7\u001b[0m - \u001b[91merror\u001b[0m\u001b[90m TS18046: \u001b[0m'mockPrismaService.styleQuiz' is of type 'unknown'.\n\n    \u001b[7m351\u001b[0m       mockPrismaService.styleQuiz.findUnique.mockResolvedValue(null);\n    \u001b[7m   \u001b[0m \u001b[91m      ~~~~~~~~~~~~~~~~~~~~~~~~~~~\u001b[0m\n    \u001b[96msrc/modules/style-quiz/style-quiz.service.spec.ts\u001b[0m:\u001b[93m359\u001b[0m:\u001b[93m7\u001b[0m - \u001b[91merror\u001b[0m\u001b[90m TS18046: \u001b[0m'mockPrismaService.styleQuiz' is of type 'unknown'.\n\n    \u001b[7m359\u001b[0m       mockPrismaService.styleQuiz.findUnique.mockResolvedValue(mockQuiz);\n    \u001b[7m   \u001b[0m \u001b[91m      ~~~~~~~~~~~~~~~~~~~~~~~~~~~\u001b[0m\n    \u001b[96msrc/modules/style-quiz/style-quiz.service.spec.ts\u001b[0m:\u001b[93m360\u001b[0m:\u001b[93m7\u001b[0m - \u001b[91merror\u001b[0m\u001b[90m TS18046: \u001b[0m'mockPrismaService.quizAnswer' is of type 'unknown'.\n\n    \u001b[7m360\u001b[0m       mockPrismaService.quizAnswer.findMany.mockResolvedValue(mockAnswers);\n    \u001b[7m   \u001b[0m \u001b[91m      ~~~~~~~~~~~~~~~~~~~~~~~~~~~~\u001b[0m\n    \u001b[96msrc/modules/style-quiz/style-quiz.service.spec.ts\u001b[0m:\u001b[93m361\u001b[0m:\u001b[93m7\u001b[0m - \u001b[91merror\u001b[0m\u001b[90m TS18046: \u001b[0m'mockPrismaService.styleQuizResult' is of type 'unknown'.\n\n    \u001b[7m361\u001b[0m       mockPrismaService.styleQuizResult.updateMany.mockResolvedValue({ count: 0 });\n    \u001b[7m   \u001b[0m \u001b[91m      ~~~~~~~~~~~~~~~~~~~~~~~~~~~~~~~~~\u001b[0m\n    \u001b[96msrc/modules/style-quiz/style-quiz.service.spec.ts\u001b[0m:\u001b[93m362\u001b[0m:\u001b[93m7\u001b[0m - \u001b[91merror\u001b[0m\u001b[90m TS18046: \u001b[0m'mockPrismaService.styleQuizResult' is of type 'unknown'.\n\n    \u001b[7m362\u001b[0m       mockPrismaService.styleQuizResult.create.mockResolvedValue(mockResult);\n    \u001b[7m   \u001b[0m \u001b[91m      ~~~~~~~~~~~~~~~~~~~~~~~~~~~~~~~~~\u001b[0m\n    \u001b[96msrc/modules/style-quiz/style-quiz.service.spec.ts\u001b[0m:\u001b[93m366\u001b[0m:\u001b[93m14\u001b[0m - \u001b[91merror\u001b[0m\u001b[90m TS18046: \u001b[0m'mockPrismaService.styleQuizResult' is of type 'unknown'.\n\n    \u001b[7m366\u001b[0m       expect(mockPrismaService.styleQuizResult.create).toHaveBeenCalledWith(\n    \u001b[7m   \u001b[0m \u001b[91m             ~~~~~~~~~~~~~~~~~~~~~~~~~~~~~~~~~\u001b[0m\n    \u001b[96msrc/modules/style-quiz/style-quiz.service.spec.ts\u001b[0m:\u001b[93m398\u001b[0m:\u001b[93m7\u001b[0m - \u001b[91merror\u001b[0m\u001b[90m TS18046: \u001b[0m'mockPrismaService.styleQuiz' is of type 'unknown'.\n\n    \u001b[7m398\u001b[0m       mockPrismaService.styleQuiz.findUnique.mockResolvedValue(mockQuiz);\n    \u001b[7m   \u001b[0m \u001b[91m      ~~~~~~~~~~~~~~~~~~~~~~~~~~~\u001b[0m\n    \u001b[96msrc/modules/style-quiz/style-quiz.service.spec.ts\u001b[0m:\u001b[93m399\u001b[0m:\u001b[93m7\u001b[0m - \u001b[91merror\u001b[0m\u001b[90m TS18046: \u001b[0m'mockPrismaService.quizAnswer' is of type 'unknown'.\n\n    \u001b[7m399\u001b[0m       mockPrismaService.quizAnswer.count.mockResolvedValue(5);\n    \u001b[7m   \u001b[0m \u001b[91m      ~~~~~~~~~~~~~~~~~~~~~~~~~~~~\u001b[0m\n    \u001b[96msrc/modules/style-quiz/style-quiz.service.spec.ts\u001b[0m:\u001b[93m400\u001b[0m:\u001b[93m7\u001b[0m - \u001b[91merror\u001b[0m\u001b[90m TS18046: \u001b[0m'mockPrismaService.quizAnswer' is of type 'unknown'.\n\n    \u001b[7m400\u001b[0m       mockPrismaService.quizAnswer.findMany.mockResolvedValue([\n    \u001b[7m   \u001b[0m \u001b[91m      ~~~~~~~~~~~~~~~~~~~~~~~~~~~~\u001b[0m\n    \u001b[96msrc/modules/style-quiz/style-quiz.service.spec.ts\u001b[0m:\u001b[93m421\u001b[0m:\u001b[93m7\u001b[0m - \u001b[91merror\u001b[0m\u001b[90m TS18046: \u001b[0m'mockPrismaService.styleQuiz' is of type 'unknown'.\n\n    \u001b[7m421\u001b[0m       mockPrismaService.styleQuiz.findUnique.mockResolvedValue(mockQuiz);\n    \u001b[7m   \u001b[0m \u001b[91m      ~~~~~~~~~~~~~~~~~~~~~~~~~~~\u001b[0m\n    \u001b[96msrc/modules/style-quiz/style-quiz.service.spec.ts\u001b[0m:\u001b[93m422\u001b[0m:\u001b[93m7\u001b[0m - \u001b[91merror\u001b[0m\u001b[90m TS18046: \u001b[0m'mockPrismaService.quizAnswer' is of type 'unknown'.\n\n    \u001b[7m422\u001b[0m       mockPrismaService.quizAnswer.count.mockResolvedValue(3);\n    \u001b[7m   \u001b[0m \u001b[91m      ~~~~~~~~~~~~~~~~~~~~~~~~~~~~\u001b[0m\n    \u001b[96msrc/modules/style-quiz/style-quiz.service.spec.ts\u001b[0m:\u001b[93m423\u001b[0m:\u001b[93m7\u001b[0m - \u001b[91merror\u001b[0m\u001b[90m TS18046: \u001b[0m'mockPrismaService.quizAnswer' is of type 'unknown'.\n\n    \u001b[7m423\u001b[0m       mockPrismaService.quizAnswer.findMany.mockResolvedValue([\n    \u001b[7m   \u001b[0m \u001b[91m      ~~~~~~~~~~~~~~~~~~~~~~~~~~~~\u001b[0m\n    \u001b[96msrc/modules/style-quiz/style-quiz.service.spec.ts\u001b[0m:\u001b[93m438\u001b[0m:\u001b[93m7\u001b[0m - \u001b[91merror\u001b[0m\u001b[90m TS18046: \u001b[0m'mockPrismaService.styleQuiz' is of type 'unknown'.\n\n    \u001b[7m438\u001b[0m       mockPrismaService.styleQuiz.findUnique.mockResolvedValue(null);\n    \u001b[7m   \u001b[0m \u001b[91m      ~~~~~~~~~~~~~~~~~~~~~~~~~~~\u001b[0m\n    \u001b[96msrc/modules/style-quiz/style-quiz.service.spec.ts\u001b[0m:\u001b[93m452\u001b[0m:\u001b[93m7\u001b[0m - \u001b[91merror\u001b[0m\u001b[90m TS18046: \u001b[0m'mockPrismaService.styleQuiz' is of type 'unknown'.\n\n    \u001b[7m452\u001b[0m       mockPrismaService.styleQuiz.findUnique.mockResolvedValue(mockQuiz);\n    \u001b[7m   \u001b[0m \u001b[91m      ~~~~~~~~~~~~~~~~~~~~~~~~~~~\u001b[0m\n    \u001b[96msrc/modules/style-quiz/style-quiz.service.spec.ts\u001b[0m:\u001b[93m453\u001b[0m:\u001b[93m7\u001b[0m - \u001b[91merror\u001b[0m\u001b[90m TS18046: \u001b[0m'mockPrismaService.quizAnswer' is of type 'unknown'.\n\n    \u001b[7m453\u001b[0m       mockPrismaService.quizAnswer.count.mockResolvedValue(8);\n    \u001b[7m   \u001b[0m \u001b[91m      ~~~~~~~~~~~~~~~~~~~~~~~~~~~~\u001b[0m\n    \u001b[96msrc/modules/style-quiz/style-quiz.service.spec.ts\u001b[0m:\u001b[93m454\u001b[0m:\u001b[93m7\u001b[0m - \u001b[91merror\u001b[0m\u001b[90m TS18046: \u001b[0m'mockPrismaService.quizAnswer' is of type 'unknown'.\n\n    \u001b[7m454\u001b[0m       mockPrismaService.quizAnswer.findMany.mockResolvedValue(allAnswered);\n    \u001b[7m   \u001b[0m \u001b[91m      ~~~~~~~~~~~~~~~~~~~~~~~~~~~~\u001b[0m\n    \u001b[96msrc/modules/style-quiz/style-quiz.service.spec.ts\u001b[0m:\u001b[93m464\u001b[0m:\u001b[93m7\u001b[0m - \u001b[91merror\u001b[0m\u001b[90m TS18046: \u001b[0m'mockPrismaService.styleQuiz' is of type 'unknown'.\n\n    \u001b[7m464\u001b[0m       mockPrismaService.styleQuiz.findUnique.mockResolvedValue(mockQuiz);\n    \u001b[7m   \u001b[0m \u001b[91m      ~~~~~~~~~~~~~~~~~~~~~~~~~~~\u001b[0m\n    \u001b[96msrc/modules/style-quiz/style-quiz.service.spec.ts\u001b[0m:\u001b[93m465\u001b[0m:\u001b[93m7\u001b[0m - \u001b[91merror\u001b[0m\u001b[90m TS18046: \u001b[0m'mockPrismaService.quizAnswer' is of type 'unknown'.\n\n    \u001b[7m465\u001b[0m       mockPrismaService.quizAnswer.count.mockResolvedValue(0);\n    \u001b[7m   \u001b[0m \u001b[91m      ~~~~~~~~~~~~~~~~~~~~~~~~~~~~\u001b[0m\n    \u001b[96msrc/modules/style-quiz/style-quiz.service.spec.ts\u001b[0m:\u001b[93m466\u001b[0m:\u001b[93m7\u001b[0m - \u001b[91merror\u001b[0m\u001b[90m TS18046: \u001b[0m'mockPrismaService.quizAnswer' is of type 'unknown'.\n\n    \u001b[7m466\u001b[0m       mockPrismaService.quizAnswer.findMany.mockResolvedValue([]);\n    \u001b[7m   \u001b[0m \u001b[91m      ~~~~~~~~~~~~~~~~~~~~~~~~~~~~\u001b[0m\n","name":"C:\\AiNeed\\apps\\backend\\src\\modules\\style-quiz\\style-quiz.service.spec.ts","startTime":1776116159410,"status":"failed","summary":""}],"wasInterrupted":false}
